#
# A fatal error has been detected by the Java Runtime Environment:
#
#  EXCEPTION_ACCESS_VIOLATION (0xc0000005) at pc=0x00007ffe3cf0ea9e, pid=12860, tid=18192
#
# JRE version: OpenJDK Runtime Environment Temurin-17.0.6+10 (17.0.6+10) (build 17.0.6+10)
# Java VM: OpenJDK 64-Bit Server VM Temurin-17.0.6+10 (17.0.6+10, mixed mode, tiered, compressed oops, compressed class ptrs, g1 gc, windows-amd64)
# Problematic frame:
# C  [igxelpicd64.dll+0x5ea9e]
#
# No core dump will be written. Minidumps are not enabled by default on client versions of Windows
#
# If you would like to submit a bug report, please visit:
#   https://github.com/adoptium/adoptium-support/issues
# The crash happened outside the Java Virtual Machine in native code.
# See problematic frame for where to report the bug.
#

---------------  S U M M A R Y ------------

Command Line: -Dfile.encoding=UTF-8 -XX:+ShowCodeDetailsInExceptionMessages RenderEngine.Test

Host: 11th Gen Intel(R) Core(TM) i7-11850H @ 2.50GHz, 16 cores, 31G,  Windows 10 , 64 bit Build 19041 (10.0.19041.3636)
Time: Sun May 19 15:03:08 2024 GMT Daylight Time elapsed time: 0.371963 seconds (0d 0h 0m 0s)

---------------  T H R E A D  ---------------

Current thread (0x000002ae8249e910):  JavaThread "main" [_thread_in_native, id=18192, stack(0x000000ecec500000,0x000000ecec600000)]

Stack: [0x000000ecec500000,0x000000ecec600000],  sp=0x000000ecec5fde40,  free space=1015k
Native frames: (J=compiled Java code, j=interpreted, Vv=VM code, C=native code)
C  [igxelpicd64.dll+0x5ea9e]

Java frames: (J=compiled Java code, j=interpreted, Vv=VM code)
j  org.lwjgl.opengl.GL11C.nglTexImage2D(IIIIIIIIJ)V+0
j  org.lwjgl.opengl.GL11C.glTexImage2D(IIIIIIIILjava/nio/ByteBuffer;)V+17
j  org.lwjgl.opengl.GL11.glTexImage2D(IIIIIIIILjava/nio/ByteBuffer;)V+14
j  jschimera.loc.render.data.dao.TextureFontDao.read(Ljava/lang/String;)Ljschimera/loc/asset/domain/TextureDetails;+145
j  jschimera.loc.asset.domain.Texture.<init>(Ljava/lang/String;Ljava/lang/String;)V+15
j  jschimera.loc.asset.cache.TextureCache.loadTexture(Ljava/lang/String;Ljava/lang/String;)Ljschimera/loc/asset/domain/Texture;+6
j  jschimera.loc.asset.cache.TextureCache$1.load(Ljschimera/loc/asset/cache/TextureCache$TextureCacheKey;)Ljschimera/loc/asset/domain/Texture;+12
j  jschimera.loc.asset.cache.TextureCache$1.load(Ljava/lang/Object;)Ljava/lang/Object;+5
j  jschimera.loc.asset.cache.LocalCache.lambda$0(Ljschimera/loc/asset/cache/CacheLoader;Ljava/lang/Object;)Ljava/lang/Object;+2
j  jschimera.loc.asset.cache.LocalCache$$Lambda$31+0x00000008000a4c80.apply(Ljava/lang/Object;)Ljava/lang/Object;+5
j  java.util.HashMap.computeIfAbsent(Ljava/lang/Object;Ljava/util/function/Function;)Ljava/lang/Object;+202 java.base@17.0.6
j  jschimera.loc.asset.cache.LocalCache.get(Ljava/lang/Object;Ljschimera/loc/asset/cache/CacheLoader;)Ljava/lang/Object;+11
j  jschimera.loc.asset.cache.LocalCache.getOrLoad(Ljava/lang/Object;)Ljava/lang/Object;+6
j  jschimera.loc.asset.cache.LocalCache$LocalLoadingCache.get(Ljava/lang/Object;)Ljava/lang/Object;+2
j  jschimera.loc.asset.cache.TextureCache.getTexture(Ljava/lang/String;Ljava/lang/String;)Ljschimera/loc/asset/domain/Texture;+14
j  jschimera.loc.asset.AssetManager.getTexture(Ljava/lang/String;Ljava/lang/String;)Ljschimera/loc/asset/domain/Texture;+6
j  jschimera.loc.asset.AssetManager.lambda$1(Ljava/util/ResourceBundle;Ljava/lang/String;)V+7
j  jschimera.loc.asset.AssetManager$$Lambda$32+0x00000008000a5990.accept(Ljava/lang/Object;)V+12
j  java.util.HashMap$KeySpliterator.forEachRemaining(Ljava/util/function/Consumer;)V+145 java.base@17.0.6
j  java.util.stream.ReferencePipeline$Head.forEach(Ljava/util/function/Consumer;)V+12 java.base@17.0.6
j  jschimera.loc.asset.AssetManager.loadAllResources()V+49
j  jschimera.loc.render.Renderer.cacheAssets()V+3
j  jschimera.loc.render.Renderer.init(Lorg/lwjgl/glfw/GLFWCursorPosCallbackI;Lorg/lwjgl/glfw/GLFWMouseButtonCallbackI;Lorg/lwjgl/glfw/GLFWScrollCallbackI;Lorg/lwjgl/glfw/GLFWKeyCallbackI;Lorg/lwjgl/glfw/GLFWWindowSizeCallbackI;)V+34
j  RenderEngine.Test.main([Ljava/lang/String;)V+374
v  ~StubRoutines::call_stub

siginfo: EXCEPTION_ACCESS_VIOLATION (0xc0000005), reading address 0x000002aeb3a26000


Register to memory mapping:

RIP=0x00007ffe3cf0ea9e igxelpicd64.dll
RAX=0x0000000000000005 is an unknown value
RBX=0x000000ecec5fdf00 is pointing into the stack for thread: 0x000002ae8249e910
RCX=0x000000000000000f is an unknown value
RDX=0x000002aeb3a25fa8 points into unknown readable memory: 0x4200004000000000 | 00 00 00 00 40 00 00 42
RSP=0x000000ecec5fde40 is pointing into the stack for thread: 0x000002ae8249e910
RBP=0x0 is NULL
RSI=0x000002aeb3a25da8 points into unknown readable memory: 0x000000000000ff00 | 00 ff 00 00 00 00 00 00
RDI=0x000002aeae78d780 points into unknown readable memory: 0x0000000000000000 | 00 00 00 00 00 00 00 00
R8 =0x00000000000007ac is an unknown value
R9 =0x0000000000000005 is an unknown value
R10=0x0 is NULL
R11=0x00000000000007ac is an unknown value
R12=0x0 is NULL
R13=0x0000000000000001 is an unknown value
R14=0x000000ecec5fe080 is pointing into the stack for thread: 0x000002ae8249e910
R15=0x0000000000000049 is an unknown value


Registers:
RAX=0x0000000000000005, RBX=0x000000ecec5fdf00, RCX=0x000000000000000f, RDX=0x000002aeb3a25fa8
RSP=0x000000ecec5fde40, RBP=0x0000000000000000, RSI=0x000002aeb3a25da8, RDI=0x000002aeae78d780
R8 =0x00000000000007ac, R9 =0x0000000000000005, R10=0x0000000000000000, R11=0x00000000000007ac
R12=0x0000000000000000, R13=0x0000000000000001, R14=0x000000ecec5fe080, R15=0x0000000000000049
RIP=0x00007ffe3cf0ea9e, EFLAGS=0x0000000000010207

Top of Stack: (sp=0x000000ecec5fde40)
0x000000ecec5fde40:   0000000000000000 0000000000000000
0x000000ecec5fde50:   0000000000000000 0000000000000000
0x000000ecec5fde60:   000002aeae78d580 00007ffe3cf7cff2
0x000000ecec5fde70:   000002aeb355b570 000002aeac7dc6d0
0x000000ecec5fde80:   000000ecec5fe080 0000000000000001
0x000000ecec5fde90:   000000ecec5fe080 00007ffe3cf7ac21
0x000000ecec5fdea0:   000002aeae6a0000 000000ecec5fdfa0
0x000000ecec5fdeb0:   0000000000000000 00000000000007c0
0x000000ecec5fdec0:   0000000000000049 4000218000000001
0x000000ecec5fded0:   000002aeb393ae70 000002aeae6a0000
0x000000ecec5fdee0:   000002aeac46f178 000002aeac5e1f20
0x000000ecec5fdef0:   000002aeac46f110 0000000000000002
0x000000ecec5fdf00:   00007ffe3db034d0 000002aeac5ac4c0
0x000000ecec5fdf10:   000001eb000001eb 0000004900000000
0x000000ecec5fdf20:   000007ac00000004 000002aeb393ae70
0x000000ecec5fdf30:   00000004ac5a0049 00007ffe000007c0 

Instructions: (pc=0x00007ffe3cf0ea9e)
0x00007ffe3cf0e99e:   d9 e8 38 00 00 00 48 8b 7b 40 48 85 ff 74 16 48
0x00007ffe3cf0e9ae:   8d 4f 10 e8 02 a7 fd ff ba 40 01 00 00 48 8b cf
0x00007ffe3cf0e9be:   e8 d5 a7 8a 00 48 8b 4b 08 48 85 c9 74 05 e8 c7
0x00007ffe3cf0e9ce:   a7 8a 00 48 8b 5c 24 30 48 83 c4 20 5f c3 48 89
0x00007ffe3cf0e9de:   5c 24 08 57 48 83 ec 20 48 8b d9 48 8b fa 48 8b
0x00007ffe3cf0e9ee:   49 48 48 85 c9 75 0f 48 89 7b 48 48 8b 5c 24 30
0x00007ffe3cf0e9fe:   48 83 c4 20 5f c3 ff 15 b6 f6 bd 00 eb e9 48 83
0x00007ffe3cf0ea0e:   ec 28 48 81 f9 00 10 00 00 76 0d 48 85 d2 74 08
0x00007ffe3cf0ea1e:   45 8b c0 e8 0a 00 00 00 48 83 c4 28 c3 cc cc cc
0x00007ffe3cf0ea2e:   cc cc 40 57 48 83 ec 20 45 33 d2 48 8b f9 49 83
0x00007ffe3cf0ea3e:   f8 10 0f 82 ae 00 00 00 83 e1 0f 0f 85 df 01 00
0x00007ffe3cf0ea4e:   00 8b c1 45 8b ca 4c 2b c0 0f 29 74 24 10 49 8b
0x00007ffe3cf0ea5e:   c8 0f 29 3c 24 48 c1 e9 07 f6 c2 0f 0f 84 94 00
0x00007ffe3cf0ea6e:   00 00 48 85 c9 74 6c 66 66 66 0f 1f 84 00 00 00
0x00007ffe3cf0ea7e:   00 00 f3 0f 6f 02 41 ff c1 f3 0f 6f 4a 10 41 8b
0x00007ffe3cf0ea8e:   c1 f3 0f 6f 52 20 f3 0f 6f 5a 30 f3 0f 6f 62 40
0x00007ffe3cf0ea9e:   f3 0f 6f 6a 50 f3 0f 6f 72 60 f3 0f 6f 7a 70 66
0x00007ffe3cf0eaae:   0f e7 07 66 0f e7 4f 10 66 0f e7 57 20 66 0f e7
0x00007ffe3cf0eabe:   5f 30 66 0f e7 67 40 66 0f e7 6f 50 66 0f e7 77
0x00007ffe3cf0eace:   60 66 0f e7 7f 70 48 83 ef 80 48 83 ea 80 48 3b
0x00007ffe3cf0eade:   c1 72 9f 41 83 e0 7f 0f 85 0e 01 00 00 0f 28 74
0x00007ffe3cf0eaee:   24 10 0f 28 3c 24 41 83 e0 0f 0f 85 b0 00 00 00
0x00007ffe3cf0eafe:   48 83 c4 20 5f c3 48 85 c9 74 68 0f 1f 80 00 00
0x00007ffe3cf0eb0e:   00 00 f3 0f 6f 02 41 ff c1 f3 0f 6f 4a 10 f3 0f
0x00007ffe3cf0eb1e:   6f 52 20 f3 0f 6f 5a 30 f3 0f 6f 62 40 f3 0f 6f
0x00007ffe3cf0eb2e:   6a 50 f3 0f 6f 72 60 f3 0f 6f 7a 70 48 83 ea 80
0x00007ffe3cf0eb3e:   66 0f e7 07 66 0f e7 4f 10 66 0f e7 57 20 66 0f
0x00007ffe3cf0eb4e:   e7 5f 30 66 0f e7 67 40 66 0f e7 6f 50 66 0f e7
0x00007ffe3cf0eb5e:   77 60 66 0f e7 7f 70 48 83 ef 80 41 8b c1 48 3b
0x00007ffe3cf0eb6e:   c1 72 9f 41 83 e0 7f 0f 84 70 ff ff ff 45 8b c8
0x00007ffe3cf0eb7e:   41 8b ca 49 c1 e9 04 4d 85 c9 0f 84 5d ff ff ff
0x00007ffe3cf0eb8e:   66 90 f3 0f 6f 02 ff c1 66 0f e7 07 48 83 c7 10 


Stack slot to memory mapping:
stack at sp + 0 slots: 0x0 is NULL
stack at sp + 1 slots: 0x0 is NULL
stack at sp + 2 slots: 0x0 is NULL
stack at sp + 3 slots: 0x0 is NULL
stack at sp + 4 slots: 0x000002aeae78d580 points into unknown readable memory: 0x000000000000ff00 | 00 ff 00 00 00 00 00 00
stack at sp + 5 slots: 0x00007ffe3cf7cff2 igxelpicd64.dll
stack at sp + 6 slots: 0x000002aeb355b570 points into unknown readable memory: 0x000002aeac530bd0 | d0 0b 53 ac ae 02 00 00
stack at sp + 7 slots: 0x000002aeac7dc6d0 points into unknown readable memory: 0x000002aeac7e0000 | 00 00 7e ac ae 02 00 00


---------------  P R O C E S S  ---------------

Threads class SMR info:
_java_thread_list=0x000002aeab4c92a0, length=15, elements={
0x000002ae8249e910, 0x000002aea83de630, 0x000002aeab272910, 0x000002aeab2744b0,
0x000002aeab2c1030, 0x000002aeab2c18f0, 0x000002aeab2d6020, 0x000002aeab2d68e0,
0x000002aeab2d81f0, 0x000002aeab2dbff0, 0x000002aeab44e6f0, 0x000002aeab450c10,
0x000002aeab459190, 0x000002aeab492020, 0x000002aeab59b970
}

Java Threads: ( => current thread )
=>0x000002ae8249e910 JavaThread "main" [_thread_in_native, id=18192, stack(0x000000ecec500000,0x000000ecec600000)]
  0x000002aea83de630 JavaThread "Reference Handler" daemon [_thread_blocked, id=21008, stack(0x000000ececc00000,0x000000ececd00000)]
  0x000002aeab272910 JavaThread "Finalizer" daemon [_thread_blocked, id=16948, stack(0x000000ececd00000,0x000000ecece00000)]
  0x000002aeab2744b0 JavaThread "Signal Dispatcher" daemon [_thread_blocked, id=17068, stack(0x000000ecece00000,0x000000ececf00000)]
  0x000002aeab2c1030 JavaThread "Attach Listener" daemon [_thread_blocked, id=7960, stack(0x000000ececf00000,0x000000eced000000)]
  0x000002aeab2c18f0 JavaThread "Service Thread" daemon [_thread_blocked, id=3260, stack(0x000000eced000000,0x000000eced100000)]
  0x000002aeab2d6020 JavaThread "Monitor Deflation Thread" daemon [_thread_blocked, id=652, stack(0x000000eced100000,0x000000eced200000)]
  0x000002aeab2d68e0 JavaThread "C2 CompilerThread0" daemon [_thread_blocked, id=15920, stack(0x000000eced200000,0x000000eced300000)]
  0x000002aeab2d81f0 JavaThread "C1 CompilerThread0" daemon [_thread_blocked, id=7652, stack(0x000000eced300000,0x000000eced400000)]
  0x000002aeab2dbff0 JavaThread "Sweeper thread" daemon [_thread_blocked, id=17456, stack(0x000000eced400000,0x000000eced500000)]
  0x000002aeab44e6f0 JavaThread "C1 CompilerThread1" daemon [_thread_blocked, id=17364, stack(0x000000eced500000,0x000000eced600000)]
  0x000002aeab450c10 JavaThread "C1 CompilerThread2" daemon [_thread_blocked, id=8020, stack(0x000000eced600000,0x000000eced700000)]
  0x000002aeab459190 JavaThread "Notification Thread" daemon [_thread_blocked, id=12592, stack(0x000000eced700000,0x000000eced800000)]
  0x000002aeab492020 JavaThread "Common-Cleaner" daemon [_thread_blocked, id=6196, stack(0x000000eced900000,0x000000eceda00000)]
  0x000002aeab59b970 JavaThread "C2 CompilerThread1" daemon [_thread_blocked, id=12356, stack(0x000000eceda00000,0x000000ecedb00000)]

Other Threads:
  0x000002aea83fec20 VMThread "VM Thread" [stack: 0x000000ececb00000,0x000000ececc00000] [id=4516]
  0x000002ae8252aae0 WatcherThread [stack: 0x000000eced800000,0x000000eced900000] [id=18744]
  0x000002aea8240880 GCTaskThread "GC Thread#0" [stack: 0x000000ecec600000,0x000000ecec700000] [id=12892]
  0x000002ae8251eb60 ConcurrentGCThread "G1 Main Marker" [stack: 0x000000ecec700000,0x000000ecec800000] [id=6156]
  0x000002ae8251f380 ConcurrentGCThread "G1 Conc#0" [stack: 0x000000ecec800000,0x000000ecec900000] [id=4536]
  0x000002aea830e7a0 ConcurrentGCThread "G1 Refine#0" [stack: 0x000000ecec900000,0x000000ececa00000] [id=5448]
  0x000002aea830efd0 ConcurrentGCThread "G1 Service" [stack: 0x000000ececa00000,0x000000ececb00000] [id=4668]

Threads with active compile tasks:

VM state: not at safepoint (normal execution)

VM Mutex/Monitor currently owned by a thread: None

Heap address: 0x0000000604400000, size: 8124 MB, Compressed Oops mode: Zero based, Oop shift amount: 3

CDS archive(s) not mapped
Compressed class space mapped at: 0x0000000800000000-0x0000000840000000, reserved size: 1073741824
Narrow klass base: 0x0000000800000000, Narrow klass shift: 0, Narrow klass range: 0x40000000

GC Precious Log:
 CPUs: 16 total, 16 available
 Memory: 32494M
 Large Page Support: Disabled
 NUMA Support: Disabled
 Compressed Oops: Enabled (Zero based)
 Heap Region Size: 4M
 Heap Min Capacity: 8M
 Heap Initial Capacity: 508M
 Heap Max Capacity: 8124M
 Pre-touch: Disabled
 Parallel Workers: 13
 Concurrent Workers: 3
 Concurrent Refinement Workers: 13
 Periodic GC: Disabled

Heap:
 garbage-first heap   total 520192K, used 12288K [0x0000000604400000, 0x0000000800000000)
  region size 4096K, 5 young (20480K), 0 survivors (0K)
 Metaspace       used 11660K, committed 11776K, reserved 1064960K
  class space    used 842K, committed 896K, reserved 1048576K

Heap Regions: E=young(eden), S=young(survivor), O=old, HS=humongous(starts), HC=humongous(continues), CS=collection set, F=free, OA=open archive, CA=closed archive, TAMS=top-at-mark-start (previous, next)
|   0|0x0000000604400000, 0x0000000604400000, 0x0000000604800000|  0%| F|  |TAMS 0x0000000604400000, 0x0000000604400000| Untracked 
|   1|0x0000000604800000, 0x0000000604800000, 0x0000000604c00000|  0%| F|  |TAMS 0x0000000604800000, 0x0000000604800000| Untracked 
|   2|0x0000000604c00000, 0x0000000604c00000, 0x0000000605000000|  0%| F|  |TAMS 0x0000000604c00000, 0x0000000604c00000| Untracked 
|   3|0x0000000605000000, 0x0000000605000000, 0x0000000605400000|  0%| F|  |TAMS 0x0000000605000000, 0x0000000605000000| Untracked 
|   4|0x0000000605400000, 0x0000000605400000, 0x0000000605800000|  0%| F|  |TAMS 0x0000000605400000, 0x0000000605400000| Untracked 
|   5|0x0000000605800000, 0x0000000605800000, 0x0000000605c00000|  0%| F|  |TAMS 0x0000000605800000, 0x0000000605800000| Untracked 
|   6|0x0000000605c00000, 0x0000000605c00000, 0x0000000606000000|  0%| F|  |TAMS 0x0000000605c00000, 0x0000000605c00000| Untracked 
|   7|0x0000000606000000, 0x0000000606000000, 0x0000000606400000|  0%| F|  |TAMS 0x0000000606000000, 0x0000000606000000| Untracked 
|   8|0x0000000606400000, 0x0000000606400000, 0x0000000606800000|  0%| F|  |TAMS 0x0000000606400000, 0x0000000606400000| Untracked 
|   9|0x0000000606800000, 0x0000000606800000, 0x0000000606c00000|  0%| F|  |TAMS 0x0000000606800000, 0x0000000606800000| Untracked 
|  10|0x0000000606c00000, 0x0000000606c00000, 0x0000000607000000|  0%| F|  |TAMS 0x0000000606c00000, 0x0000000606c00000| Untracked 
|  11|0x0000000607000000, 0x0000000607000000, 0x0000000607400000|  0%| F|  |TAMS 0x0000000607000000, 0x0000000607000000| Untracked 
|  12|0x0000000607400000, 0x0000000607400000, 0x0000000607800000|  0%| F|  |TAMS 0x0000000607400000, 0x0000000607400000| Untracked 
|  13|0x0000000607800000, 0x0000000607800000, 0x0000000607c00000|  0%| F|  |TAMS 0x0000000607800000, 0x0000000607800000| Untracked 
|  14|0x0000000607c00000, 0x0000000607c00000, 0x0000000608000000|  0%| F|  |TAMS 0x0000000607c00000, 0x0000000607c00000| Untracked 
|  15|0x0000000608000000, 0x0000000608000000, 0x0000000608400000|  0%| F|  |TAMS 0x0000000608000000, 0x0000000608000000| Untracked 
|  16|0x0000000608400000, 0x0000000608400000, 0x0000000608800000|  0%| F|  |TAMS 0x0000000608400000, 0x0000000608400000| Untracked 
|  17|0x0000000608800000, 0x0000000608800000, 0x0000000608c00000|  0%| F|  |TAMS 0x0000000608800000, 0x0000000608800000| Untracked 
|  18|0x0000000608c00000, 0x0000000608c00000, 0x0000000609000000|  0%| F|  |TAMS 0x0000000608c00000, 0x0000000608c00000| Untracked 
|  19|0x0000000609000000, 0x0000000609000000, 0x0000000609400000|  0%| F|  |TAMS 0x0000000609000000, 0x0000000609000000| Untracked 
|  20|0x0000000609400000, 0x0000000609400000, 0x0000000609800000|  0%| F|  |TAMS 0x0000000609400000, 0x0000000609400000| Untracked 
|  21|0x0000000609800000, 0x0000000609800000, 0x0000000609c00000|  0%| F|  |TAMS 0x0000000609800000, 0x0000000609800000| Untracked 
|  22|0x0000000609c00000, 0x0000000609c00000, 0x000000060a000000|  0%| F|  |TAMS 0x0000000609c00000, 0x0000000609c00000| Untracked 
|  23|0x000000060a000000, 0x000000060a000000, 0x000000060a400000|  0%| F|  |TAMS 0x000000060a000000, 0x000000060a000000| Untracked 
|  24|0x000000060a400000, 0x000000060a400000, 0x000000060a800000|  0%| F|  |TAMS 0x000000060a400000, 0x000000060a400000| Untracked 
|  25|0x000000060a800000, 0x000000060a800000, 0x000000060ac00000|  0%| F|  |TAMS 0x000000060a800000, 0x000000060a800000| Untracked 
|  26|0x000000060ac00000, 0x000000060ac00000, 0x000000060b000000|  0%| F|  |TAMS 0x000000060ac00000, 0x000000060ac00000| Untracked 
|  27|0x000000060b000000, 0x000000060b000000, 0x000000060b400000|  0%| F|  |TAMS 0x000000060b000000, 0x000000060b000000| Untracked 
|  28|0x000000060b400000, 0x000000060b400000, 0x000000060b800000|  0%| F|  |TAMS 0x000000060b400000, 0x000000060b400000| Untracked 
|  29|0x000000060b800000, 0x000000060b800000, 0x000000060bc00000|  0%| F|  |TAMS 0x000000060b800000, 0x000000060b800000| Untracked 
|  30|0x000000060bc00000, 0x000000060bc00000, 0x000000060c000000|  0%| F|  |TAMS 0x000000060bc00000, 0x000000060bc00000| Untracked 
|  31|0x000000060c000000, 0x000000060c000000, 0x000000060c400000|  0%| F|  |TAMS 0x000000060c000000, 0x000000060c000000| Untracked 
|  32|0x000000060c400000, 0x000000060c400000, 0x000000060c800000|  0%| F|  |TAMS 0x000000060c400000, 0x000000060c400000| Untracked 
|  33|0x000000060c800000, 0x000000060c800000, 0x000000060cc00000|  0%| F|  |TAMS 0x000000060c800000, 0x000000060c800000| Untracked 
|  34|0x000000060cc00000, 0x000000060cc00000, 0x000000060d000000|  0%| F|  |TAMS 0x000000060cc00000, 0x000000060cc00000| Untracked 
|  35|0x000000060d000000, 0x000000060d000000, 0x000000060d400000|  0%| F|  |TAMS 0x000000060d000000, 0x000000060d000000| Untracked 
|  36|0x000000060d400000, 0x000000060d400000, 0x000000060d800000|  0%| F|  |TAMS 0x000000060d400000, 0x000000060d400000| Untracked 
|  37|0x000000060d800000, 0x000000060d800000, 0x000000060dc00000|  0%| F|  |TAMS 0x000000060d800000, 0x000000060d800000| Untracked 
|  38|0x000000060dc00000, 0x000000060dc00000, 0x000000060e000000|  0%| F|  |TAMS 0x000000060dc00000, 0x000000060dc00000| Untracked 
|  39|0x000000060e000000, 0x000000060e000000, 0x000000060e400000|  0%| F|  |TAMS 0x000000060e000000, 0x000000060e000000| Untracked 
|  40|0x000000060e400000, 0x000000060e400000, 0x000000060e800000|  0%| F|  |TAMS 0x000000060e400000, 0x000000060e400000| Untracked 
|  41|0x000000060e800000, 0x000000060e800000, 0x000000060ec00000|  0%| F|  |TAMS 0x000000060e800000, 0x000000060e800000| Untracked 
|  42|0x000000060ec00000, 0x000000060ec00000, 0x000000060f000000|  0%| F|  |TAMS 0x000000060ec00000, 0x000000060ec00000| Untracked 
|  43|0x000000060f000000, 0x000000060f000000, 0x000000060f400000|  0%| F|  |TAMS 0x000000060f000000, 0x000000060f000000| Untracked 
|  44|0x000000060f400000, 0x000000060f400000, 0x000000060f800000|  0%| F|  |TAMS 0x000000060f400000, 0x000000060f400000| Untracked 
|  45|0x000000060f800000, 0x000000060f800000, 0x000000060fc00000|  0%| F|  |TAMS 0x000000060f800000, 0x000000060f800000| Untracked 
|  46|0x000000060fc00000, 0x000000060fc00000, 0x0000000610000000|  0%| F|  |TAMS 0x000000060fc00000, 0x000000060fc00000| Untracked 
|  47|0x0000000610000000, 0x0000000610000000, 0x0000000610400000|  0%| F|  |TAMS 0x0000000610000000, 0x0000000610000000| Untracked 
|  48|0x0000000610400000, 0x0000000610400000, 0x0000000610800000|  0%| F|  |TAMS 0x0000000610400000, 0x0000000610400000| Untracked 
|  49|0x0000000610800000, 0x0000000610800000, 0x0000000610c00000|  0%| F|  |TAMS 0x0000000610800000, 0x0000000610800000| Untracked 
|  50|0x0000000610c00000, 0x0000000610c00000, 0x0000000611000000|  0%| F|  |TAMS 0x0000000610c00000, 0x0000000610c00000| Untracked 
|  51|0x0000000611000000, 0x0000000611000000, 0x0000000611400000|  0%| F|  |TAMS 0x0000000611000000, 0x0000000611000000| Untracked 
|  52|0x0000000611400000, 0x0000000611400000, 0x0000000611800000|  0%| F|  |TAMS 0x0000000611400000, 0x0000000611400000| Untracked 
|  53|0x0000000611800000, 0x0000000611800000, 0x0000000611c00000|  0%| F|  |TAMS 0x0000000611800000, 0x0000000611800000| Untracked 
|  54|0x0000000611c00000, 0x0000000611c00000, 0x0000000612000000|  0%| F|  |TAMS 0x0000000611c00000, 0x0000000611c00000| Untracked 
|  55|0x0000000612000000, 0x0000000612000000, 0x0000000612400000|  0%| F|  |TAMS 0x0000000612000000, 0x0000000612000000| Untracked 
|  56|0x0000000612400000, 0x0000000612400000, 0x0000000612800000|  0%| F|  |TAMS 0x0000000612400000, 0x0000000612400000| Untracked 
|  57|0x0000000612800000, 0x0000000612800000, 0x0000000612c00000|  0%| F|  |TAMS 0x0000000612800000, 0x0000000612800000| Untracked 
|  58|0x0000000612c00000, 0x0000000612c00000, 0x0000000613000000|  0%| F|  |TAMS 0x0000000612c00000, 0x0000000612c00000| Untracked 
|  59|0x0000000613000000, 0x0000000613000000, 0x0000000613400000|  0%| F|  |TAMS 0x0000000613000000, 0x0000000613000000| Untracked 
|  60|0x0000000613400000, 0x0000000613400000, 0x0000000613800000|  0%| F|  |TAMS 0x0000000613400000, 0x0000000613400000| Untracked 
|  61|0x0000000613800000, 0x0000000613800000, 0x0000000613c00000|  0%| F|  |TAMS 0x0000000613800000, 0x0000000613800000| Untracked 
|  62|0x0000000613c00000, 0x0000000613c00000, 0x0000000614000000|  0%| F|  |TAMS 0x0000000613c00000, 0x0000000613c00000| Untracked 
|  63|0x0000000614000000, 0x0000000614000000, 0x0000000614400000|  0%| F|  |TAMS 0x0000000614000000, 0x0000000614000000| Untracked 
|  64|0x0000000614400000, 0x0000000614400000, 0x0000000614800000|  0%| F|  |TAMS 0x0000000614400000, 0x0000000614400000| Untracked 
|  65|0x0000000614800000, 0x0000000614800000, 0x0000000614c00000|  0%| F|  |TAMS 0x0000000614800000, 0x0000000614800000| Untracked 
|  66|0x0000000614c00000, 0x0000000614c00000, 0x0000000615000000|  0%| F|  |TAMS 0x0000000614c00000, 0x0000000614c00000| Untracked 
|  67|0x0000000615000000, 0x0000000615000000, 0x0000000615400000|  0%| F|  |TAMS 0x0000000615000000, 0x0000000615000000| Untracked 
|  68|0x0000000615400000, 0x0000000615400000, 0x0000000615800000|  0%| F|  |TAMS 0x0000000615400000, 0x0000000615400000| Untracked 
|  69|0x0000000615800000, 0x0000000615800000, 0x0000000615c00000|  0%| F|  |TAMS 0x0000000615800000, 0x0000000615800000| Untracked 
|  70|0x0000000615c00000, 0x0000000615c00000, 0x0000000616000000|  0%| F|  |TAMS 0x0000000615c00000, 0x0000000615c00000| Untracked 
|  71|0x0000000616000000, 0x0000000616000000, 0x0000000616400000|  0%| F|  |TAMS 0x0000000616000000, 0x0000000616000000| Untracked 
|  72|0x0000000616400000, 0x0000000616400000, 0x0000000616800000|  0%| F|  |TAMS 0x0000000616400000, 0x0000000616400000| Untracked 
|  73|0x0000000616800000, 0x0000000616800000, 0x0000000616c00000|  0%| F|  |TAMS 0x0000000616800000, 0x0000000616800000| Untracked 
|  74|0x0000000616c00000, 0x0000000616c00000, 0x0000000617000000|  0%| F|  |TAMS 0x0000000616c00000, 0x0000000616c00000| Untracked 
|  75|0x0000000617000000, 0x0000000617000000, 0x0000000617400000|  0%| F|  |TAMS 0x0000000617000000, 0x0000000617000000| Untracked 
|  76|0x0000000617400000, 0x0000000617400000, 0x0000000617800000|  0%| F|  |TAMS 0x0000000617400000, 0x0000000617400000| Untracked 
|  77|0x0000000617800000, 0x0000000617800000, 0x0000000617c00000|  0%| F|  |TAMS 0x0000000617800000, 0x0000000617800000| Untracked 
|  78|0x0000000617c00000, 0x0000000617c00000, 0x0000000618000000|  0%| F|  |TAMS 0x0000000617c00000, 0x0000000617c00000| Untracked 
|  79|0x0000000618000000, 0x0000000618000000, 0x0000000618400000|  0%| F|  |TAMS 0x0000000618000000, 0x0000000618000000| Untracked 
|  80|0x0000000618400000, 0x0000000618400000, 0x0000000618800000|  0%| F|  |TAMS 0x0000000618400000, 0x0000000618400000| Untracked 
|  81|0x0000000618800000, 0x0000000618800000, 0x0000000618c00000|  0%| F|  |TAMS 0x0000000618800000, 0x0000000618800000| Untracked 
|  82|0x0000000618c00000, 0x0000000618c00000, 0x0000000619000000|  0%| F|  |TAMS 0x0000000618c00000, 0x0000000618c00000| Untracked 
|  83|0x0000000619000000, 0x0000000619000000, 0x0000000619400000|  0%| F|  |TAMS 0x0000000619000000, 0x0000000619000000| Untracked 
|  84|0x0000000619400000, 0x0000000619400000, 0x0000000619800000|  0%| F|  |TAMS 0x0000000619400000, 0x0000000619400000| Untracked 
|  85|0x0000000619800000, 0x0000000619800000, 0x0000000619c00000|  0%| F|  |TAMS 0x0000000619800000, 0x0000000619800000| Untracked 
|  86|0x0000000619c00000, 0x0000000619c00000, 0x000000061a000000|  0%| F|  |TAMS 0x0000000619c00000, 0x0000000619c00000| Untracked 
|  87|0x000000061a000000, 0x000000061a000000, 0x000000061a400000|  0%| F|  |TAMS 0x000000061a000000, 0x000000061a000000| Untracked 
|  88|0x000000061a400000, 0x000000061a400000, 0x000000061a800000|  0%| F|  |TAMS 0x000000061a400000, 0x000000061a400000| Untracked 
|  89|0x000000061a800000, 0x000000061a800000, 0x000000061ac00000|  0%| F|  |TAMS 0x000000061a800000, 0x000000061a800000| Untracked 
|  90|0x000000061ac00000, 0x000000061ac00000, 0x000000061b000000|  0%| F|  |TAMS 0x000000061ac00000, 0x000000061ac00000| Untracked 
|  91|0x000000061b000000, 0x000000061b000000, 0x000000061b400000|  0%| F|  |TAMS 0x000000061b000000, 0x000000061b000000| Untracked 
|  92|0x000000061b400000, 0x000000061b400000, 0x000000061b800000|  0%| F|  |TAMS 0x000000061b400000, 0x000000061b400000| Untracked 
|  93|0x000000061b800000, 0x000000061b800000, 0x000000061bc00000|  0%| F|  |TAMS 0x000000061b800000, 0x000000061b800000| Untracked 
|  94|0x000000061bc00000, 0x000000061bc00000, 0x000000061c000000|  0%| F|  |TAMS 0x000000061bc00000, 0x000000061bc00000| Untracked 
|  95|0x000000061c000000, 0x000000061c000000, 0x000000061c400000|  0%| F|  |TAMS 0x000000061c000000, 0x000000061c000000| Untracked 
|  96|0x000000061c400000, 0x000000061c400000, 0x000000061c800000|  0%| F|  |TAMS 0x000000061c400000, 0x000000061c400000| Untracked 
|  97|0x000000061c800000, 0x000000061c800000, 0x000000061cc00000|  0%| F|  |TAMS 0x000000061c800000, 0x000000061c800000| Untracked 
|  98|0x000000061cc00000, 0x000000061cc00000, 0x000000061d000000|  0%| F|  |TAMS 0x000000061cc00000, 0x000000061cc00000| Untracked 
|  99|0x000000061d000000, 0x000000061d000000, 0x000000061d400000|  0%| F|  |TAMS 0x000000061d000000, 0x000000061d000000| Untracked 
| 100|0x000000061d400000, 0x000000061d400000, 0x000000061d800000|  0%| F|  |TAMS 0x000000061d400000, 0x000000061d400000| Untracked 
| 101|0x000000061d800000, 0x000000061d800000, 0x000000061dc00000|  0%| F|  |TAMS 0x000000061d800000, 0x000000061d800000| Untracked 
| 102|0x000000061dc00000, 0x000000061dc00000, 0x000000061e000000|  0%| F|  |TAMS 0x000000061dc00000, 0x000000061dc00000| Untracked 
| 103|0x000000061e000000, 0x000000061e000000, 0x000000061e400000|  0%| F|  |TAMS 0x000000061e000000, 0x000000061e000000| Untracked 
| 104|0x000000061e400000, 0x000000061e400000, 0x000000061e800000|  0%| F|  |TAMS 0x000000061e400000, 0x000000061e400000| Untracked 
| 105|0x000000061e800000, 0x000000061e800000, 0x000000061ec00000|  0%| F|  |TAMS 0x000000061e800000, 0x000000061e800000| Untracked 
| 106|0x000000061ec00000, 0x000000061ec00000, 0x000000061f000000|  0%| F|  |TAMS 0x000000061ec00000, 0x000000061ec00000| Untracked 
| 107|0x000000061f000000, 0x000000061f000000, 0x000000061f400000|  0%| F|  |TAMS 0x000000061f000000, 0x000000061f000000| Untracked 
| 108|0x000000061f400000, 0x000000061f400000, 0x000000061f800000|  0%| F|  |TAMS 0x000000061f400000, 0x000000061f400000| Untracked 
| 109|0x000000061f800000, 0x000000061f800000, 0x000000061fc00000|  0%| F|  |TAMS 0x000000061f800000, 0x000000061f800000| Untracked 
| 110|0x000000061fc00000, 0x000000061fc00000, 0x0000000620000000|  0%| F|  |TAMS 0x000000061fc00000, 0x000000061fc00000| Untracked 
| 111|0x0000000620000000, 0x0000000620000000, 0x0000000620400000|  0%| F|  |TAMS 0x0000000620000000, 0x0000000620000000| Untracked 
| 112|0x0000000620400000, 0x0000000620400000, 0x0000000620800000|  0%| F|  |TAMS 0x0000000620400000, 0x0000000620400000| Untracked 
| 113|0x0000000620800000, 0x0000000620800000, 0x0000000620c00000|  0%| F|  |TAMS 0x0000000620800000, 0x0000000620800000| Untracked 
| 114|0x0000000620c00000, 0x0000000620c00000, 0x0000000621000000|  0%| F|  |TAMS 0x0000000620c00000, 0x0000000620c00000| Untracked 
| 115|0x0000000621000000, 0x0000000621000000, 0x0000000621400000|  0%| F|  |TAMS 0x0000000621000000, 0x0000000621000000| Untracked 
| 116|0x0000000621400000, 0x0000000621400000, 0x0000000621800000|  0%| F|  |TAMS 0x0000000621400000, 0x0000000621400000| Untracked 
| 117|0x0000000621800000, 0x0000000621800000, 0x0000000621c00000|  0%| F|  |TAMS 0x0000000621800000, 0x0000000621800000| Untracked 
| 118|0x0000000621c00000, 0x0000000621c00000, 0x0000000622000000|  0%| F|  |TAMS 0x0000000621c00000, 0x0000000621c00000| Untracked 
| 119|0x0000000622000000, 0x0000000622000000, 0x0000000622400000|  0%| F|  |TAMS 0x0000000622000000, 0x0000000622000000| Untracked 
| 120|0x0000000622400000, 0x0000000622400000, 0x0000000622800000|  0%| F|  |TAMS 0x0000000622400000, 0x0000000622400000| Untracked 
| 121|0x0000000622800000, 0x0000000622800000, 0x0000000622c00000|  0%| F|  |TAMS 0x0000000622800000, 0x0000000622800000| Untracked 
| 122|0x0000000622c00000, 0x0000000622ceacb0, 0x0000000623000000| 22%| E|  |TAMS 0x0000000622c00000, 0x0000000622c00000| Complete 
| 123|0x0000000623000000, 0x00000006233707b8, 0x0000000623400000| 85%| E|  |TAMS 0x0000000623000000, 0x0000000623000000| Complete 
| 124|0x0000000623400000, 0x0000000623800000, 0x0000000623800000|100%| E|CS|TAMS 0x0000000623400000, 0x0000000623400000| Complete 
| 125|0x0000000623800000, 0x0000000623c00000, 0x0000000623c00000|100%| E|CS|TAMS 0x0000000623800000, 0x0000000623800000| Complete 
| 126|0x0000000623c00000, 0x0000000624000000, 0x0000000624000000|100%| E|CS|TAMS 0x0000000623c00000, 0x0000000623c00000| Complete 

Card table byte_map: [0x000002ae96390000,0x000002ae97370000] _byte_map_base: 0x000002ae9336e000

Marking Bits (Prev, Next): (CMBitMap*) 0x000002ae8250df00, (CMBitMap*) 0x000002ae8250df40
 Prev Bits: [0x000002ae98350000, 0x000002aea0240000)
 Next Bits: [0x000002aea0240000, 0x000002aea8130000)

Polling page: 0x000002ae81c40000

Metaspace:

Usage:
  Non-class:     10.56 MB used.
      Class:    842.22 KB used.
       Both:     11.39 MB used.

Virtual space:
  Non-class space:       16.00 MB reserved,      10.62 MB ( 66%) committed,  2 nodes.
      Class space:        1.00 GB reserved,     896.00 KB ( <1%) committed,  1 nodes.
             Both:        1.02 GB reserved,      11.50 MB (  1%) committed. 

Chunk freelists:
   Non-Class:  1.39 MB
       Class:  3.09 MB
        Both:  4.48 MB

MaxMetaspaceSize: unlimited
CompressedClassSpaceSize: 1.00 GB
Initial GC threshold: 21.00 MB
Current GC threshold: 21.00 MB
CDS: off
MetaspaceReclaimPolicy: balanced
 - commit_granule_bytes: 65536.
 - commit_granule_words: 8192.
 - virtual_space_node_default_size: 1048576.
 - enlarge_chunks_in_place: 1.
 - new_chunks_are_fully_committed: 0.
 - uncommit_free_chunks: 1.
 - use_allocation_guard: 0.
 - handle_deallocations: 1.


Internal statistics:

num_allocs_failed_limit: 0.
num_arena_births: 50.
num_arena_deaths: 0.
num_vsnodes_births: 3.
num_vsnodes_deaths: 0.
num_space_committed: 182.
num_space_uncommitted: 0.
num_chunks_returned_to_freelist: 0.
num_chunks_taken_from_freelist: 195.
num_chunk_merges: 0.
num_chunk_splits: 142.
num_chunks_enlarged: 117.
num_purges: 0.
num_inconsistent_stats: 0.

CodeHeap 'non-profiled nmethods': size=119168Kb used=216Kb max_used=216Kb free=118951Kb
 bounds [0x000002ae8d6d0000, 0x000002ae8d940000, 0x000002ae94b30000]
CodeHeap 'profiled nmethods': size=119104Kb used=1436Kb max_used=1436Kb free=117667Kb
 bounds [0x000002ae85b30000, 0x000002ae85da0000, 0x000002ae8cf80000]
CodeHeap 'non-nmethods': size=7488Kb used=2684Kb max_used=2709Kb free=4803Kb
 bounds [0x000002ae8cf80000, 0x000002ae8d230000, 0x000002ae8d6d0000]
 total_blobs=1768 nmethods=806 adapters=873
 compilation: enabled
              stopped_count=0, restarted_count=0
 full_count=0

Compilation events (20 events):
Event: 0.360 Thread 0x000002aeab450c10 nmethod 796 0x000002ae85c90190 code [0x000002ae85c90340, 0x000002ae85c905b8]
Event: 0.360 Thread 0x000002aeab450c10  798       3       jdk.internal.loader.BuiltinClassLoader::hasClassPath (13 bytes)
Event: 0.360 Thread 0x000002aeab450c10 nmethod 798 0x000002ae85c90690 code [0x000002ae85c90820, 0x000002ae85c90998]
Event: 0.360 Thread 0x000002aeab450c10  799       3       java.lang.String::codePointAt (50 bytes)
Event: 0.360 Thread 0x000002aeab44e6f0  800       3       java.lang.String::checkIndex (48 bytes)
Event: 0.360 Thread 0x000002aeab2d81f0  801       3       java.lang.Character::charCount (12 bytes)
Event: 0.360 Thread 0x000002aeab2d81f0 nmethod 801 0x000002ae85c90a10 code [0x000002ae85c90ba0, 0x000002ae85c90d18]
Event: 0.360 Thread 0x000002aeab450c10 nmethod 799 0x000002ae85c90d90 code [0x000002ae85c90f80, 0x000002ae85c91328]
Event: 0.360 Thread 0x000002aeab450c10  802       3       java.lang.StringLatin1::newString (24 bytes)
Event: 0.360 Thread 0x000002aeab44e6f0 nmethod 800 0x000002ae85c91510 code [0x000002ae85c91760, 0x000002ae85c91ed8]
Event: 0.360 Thread 0x000002aeab450c10 nmethod 802 0x000002ae85c92210 code [0x000002ae85c923e0, 0x000002ae85c92708]
Event: 0.360 Thread 0x000002aeab450c10  803       3       java.io.WinNTFileSystem::normalize (224 bytes)
Event: 0.361 Thread 0x000002aeab2d81f0  804       3       jdk.internal.loader.URLClassPath$JarLoader::findResource (18 bytes)
Event: 0.361 Thread 0x000002aeab2d81f0 nmethod 804 0x000002ae85c92810 code [0x000002ae85c929c0, 0x000002ae85c92c38]
Event: 0.361 Thread 0x000002aeab450c10 nmethod 803 0x000002ae85c92d10 code [0x000002ae85c93100, 0x000002ae85c94c98]
Event: 0.361 Thread 0x000002aeab2d68e0 nmethod 794 0x000002ae8d705b10 code [0x000002ae8d705c80, 0x000002ae8d705f98]
Event: 0.362 Thread 0x000002aeab2d81f0  805       3       java.security.SecureClassLoader$CodeSourceKey::equals (60 bytes)
Event: 0.362 Thread 0x000002aeab44e6f0  806       3       java.security.CodeSource::matchCerts (254 bytes)
Event: 0.362 Thread 0x000002aeab2d81f0 nmethod 805 0x000002ae85c95710 code [0x000002ae85c95900, 0x000002ae85c95f98]
Event: 0.362 Thread 0x000002aeab44e6f0 nmethod 806 0x000002ae85c96190 code [0x000002ae85c96400, 0x000002ae85c96fd8]

GC Heap History (0 events):
No events

Dll operation events (8 events):
Event: 0.004 Loaded shared library C:\Users\p10388387\.p2\pool\plugins\org.eclipse.justj.openjdk.hotspot.jre.full.win32.x86_64_17.0.6.v20230204-1729\jre\bin\java.dll
Event: 0.073 Loaded shared library C:\Users\p10388387\.p2\pool\plugins\org.eclipse.justj.openjdk.hotspot.jre.full.win32.x86_64_17.0.6.v20230204-1729\jre\bin\net.dll
Event: 0.074 Loaded shared library C:\Users\p10388387\.p2\pool\plugins\org.eclipse.justj.openjdk.hotspot.jre.full.win32.x86_64_17.0.6.v20230204-1729\jre\bin\nio.dll
Event: 0.078 Loaded shared library C:\Users\p10388387\.p2\pool\plugins\org.eclipse.justj.openjdk.hotspot.jre.full.win32.x86_64_17.0.6.v20230204-1729\jre\bin\zip.dll
Event: 0.093 Loaded shared library C:\Users\p10388387\.p2\pool\plugins\org.eclipse.justj.openjdk.hotspot.jre.full.win32.x86_64_17.0.6.v20230204-1729\jre\bin\verify.dll
Event: 0.137 Loaded shared library C:\Users\p10388387\.p2\pool\plugins\org.eclipse.justj.openjdk.hotspot.jre.full.win32.x86_64_17.0.6.v20230204-1729\jre\bin\jimage.dll
Event: 0.151 Loaded shared library C:\Users\p10388387\AppData\Local\Temp\lwjglP10388387\3.2.3-build-13\lwjgl.dll
Event: 0.252 Loaded shared library C:\Users\p10388387\AppData\Local\Temp\lwjglP10388387\3.2.3-build-13\lwjgl_opengl.dll

Deoptimization events (20 events):
Event: 0.113 Thread 0x000002ae8249e910 DEOPT PACKING pc=0x000002ae85b37ad1 sp=0x000000ecec5fd640
Event: 0.113 Thread 0x000002ae8249e910 DEOPT UNPACKING pc=0x000002ae8cfdace3 sp=0x000000ecec5fcab8 mode 0
Event: 0.142 Thread 0x000002ae8249e910 Uncommon trap: trap_request=0xffffff45 fr.pc=0x000002ae8d6d7ee4 relative=0x0000000000000064
Event: 0.142 Thread 0x000002ae8249e910 Uncommon trap: reason=unstable_if action=reinterpret pc=0x000002ae8d6d7ee4 method=java.io.WinNTFileSystem.isSlash(C)Z @ 9 c2
Event: 0.142 Thread 0x000002ae8249e910 DEOPT PACKING pc=0x000002ae8d6d7ee4 sp=0x000000ecec5faca0
Event: 0.142 Thread 0x000002ae8249e910 DEOPT UNPACKING pc=0x000002ae8cfda1a3 sp=0x000000ecec5fac28 mode 2
Event: 0.269 Thread 0x000002ae8249e910 Uncommon trap: trap_request=0xffffff54 fr.pc=0x000002ae8d6f66e0 relative=0x0000000000000060
Event: 0.269 Thread 0x000002ae8249e910 Uncommon trap: reason=speculate_null_assert action=make_not_entrant pc=0x000002ae8d6f66e0 method=sun.misc.Unsafe.putLong(Ljava/lang/Object;JJ)V @ 7 c2
Event: 0.269 Thread 0x000002ae8249e910 DEOPT PACKING pc=0x000002ae8d6f66e0 sp=0x000000ecec5feea0
Event: 0.269 Thread 0x000002ae8249e910 DEOPT UNPACKING pc=0x000002ae8cfda1a3 sp=0x000000ecec5fee18 mode 2
Event: 0.296 Thread 0x000002ae8249e910 DEOPT PACKING pc=0x000002ae85b69c65 sp=0x000000ecec5fd910
Event: 0.296 Thread 0x000002ae8249e910 DEOPT UNPACKING pc=0x000002ae8cfdace3 sp=0x000000ecec5fcd60 mode 0
Event: 0.354 Thread 0x000002ae8249e910 Uncommon trap: trap_request=0xffffff45 fr.pc=0x000002ae8d701d2c relative=0x000000000000050c
Event: 0.354 Thread 0x000002ae8249e910 Uncommon trap: reason=unstable_if action=reinterpret pc=0x000002ae8d701d2c method=java.lang.StringLatin1.newString([BII)Ljava/lang/String; @ 1 c2
Event: 0.354 Thread 0x000002ae8249e910 DEOPT PACKING pc=0x000002ae8d701d2c sp=0x000000ecec5feb40
Event: 0.354 Thread 0x000002ae8249e910 DEOPT UNPACKING pc=0x000002ae8cfda1a3 sp=0x000000ecec5feaa0 mode 2
Event: 0.358 Thread 0x000002ae8249e910 Uncommon trap: trap_request=0xffffff45 fr.pc=0x000002ae8d6fa63c relative=0x000000000000041c
Event: 0.358 Thread 0x000002ae8249e910 Uncommon trap: reason=unstable_if action=reinterpret pc=0x000002ae8d6fa63c method=java.lang.StringLatin1.newString([BII)Ljava/lang/String; @ 1 c2
Event: 0.358 Thread 0x000002ae8249e910 DEOPT PACKING pc=0x000002ae8d6fa63c sp=0x000000ecec5fe770
Event: 0.358 Thread 0x000002ae8249e910 DEOPT UNPACKING pc=0x000002ae8cfda1a3 sp=0x000000ecec5fe738 mode 2

Classes unloaded (0 events):
No events

Classes redefined (0 events):
No events

Internal exceptions (16 events):
Event: 0.102 Thread 0x000002ae8249e910 Exception <a 'java/lang/NoSuchMethodError'{0x0000000623fe5d18}: 'int java.lang.invoke.DirectMethodHandle$Holder.invokeSpecial(java.lang.Object, java.lang.Object, java.lang.Object)'> (0x0000000623fe5d18) 
thrown [s\src\hotspot\share\interpreter\linkResolver.cpp, line 759]
Event: 0.109 Thread 0x000002ae8249e910 Exception <a 'java/lang/NoSuchMethodError'{0x00000006238118b0}: 'void java.lang.invoke.DirectMethodHandle$Holder.invokeStaticInit(java.lang.Object, long, int, int, int, int)'> (0x00000006238118b0) 
thrown [s\src\hotspot\share\interpreter\linkResolver.cpp, line 759]
Event: 0.123 Thread 0x000002ae8249e910 Exception <a 'java/lang/NoSuchMethodError'{0x00000006238f5108}: 'java.lang.Object java.lang.invoke.DirectMethodHandle$Holder.invokeStaticInit(java.lang.Object)'> (0x00000006238f5108) 
thrown [s\src\hotspot\share\interpreter\linkResolver.cpp, line 759]
Event: 0.129 Thread 0x000002ae8249e910 Exception <a 'java/lang/NoSuchMethodError'{0x0000000623952510}: 'void java.lang.invoke.DirectMethodHandle$Holder.invokeStatic(java.lang.Object, java.lang.Object)'> (0x0000000623952510) 
thrown [s\src\hotspot\share\interpreter\linkResolver.cpp, line 759]
Event: 0.130 Thread 0x000002ae8249e910 Exception <a 'java/lang/NoSuchMethodError'{0x0000000623957948}: 'void java.lang.invoke.DirectMethodHandle$Holder.invokeSpecial(java.lang.Object, java.lang.Object, java.lang.Object)'> (0x0000000623957948) 
thrown [s\src\hotspot\share\interpreter\linkResolver.cpp, line 759]
Event: 0.131 Thread 0x000002ae8249e910 Exception <a 'java/lang/NoSuchMethodError'{0x000000062396a570}: 'java.lang.Object java.lang.invoke.DirectMethodHandle$Holder.invokeStatic(java.lang.Object, java.lang.Object, int)'> (0x000000062396a570) 
thrown [s\src\hotspot\share\interpreter\linkResolver.cpp, line 759]
Event: 0.132 Thread 0x000002ae8249e910 Exception <a 'java/lang/NoSuchMethodError'{0x0000000623976348}: 'void java.lang.invoke.DelegatingMethodHandle$Holder.delegate(java.lang.Object, java.lang.Object, int, java.lang.Object)'> (0x0000000623976348) 
thrown [s\src\hotspot\share\interpreter\linkResolver.cpp, line 759]
Event: 0.154 Thread 0x000002ae8249e910 Exception <a 'sun/nio/fs/WindowsException'{0x00000006239ffe08}> (0x00000006239ffe08) 
thrown [s\src\hotspot\share\prims\jni.cpp, line 516]
Event: 0.154 Thread 0x000002ae8249e910 Exception <a 'sun/nio/fs/WindowsException'{0x0000000623a00388}> (0x0000000623a00388) 
thrown [s\src\hotspot\share\prims\jni.cpp, line 516]
Event: 0.167 Thread 0x000002ae8249e910 Exception <a 'sun/nio/fs/WindowsException'{0x0000000623aba0a0}> (0x0000000623aba0a0) 
thrown [s\src\hotspot\share\prims\jni.cpp, line 516]
Event: 0.167 Thread 0x000002ae8249e910 Exception <a 'sun/nio/fs/WindowsException'{0x0000000623aba430}> (0x0000000623aba430) 
thrown [s\src\hotspot\share\prims\jni.cpp, line 516]
Event: 0.251 Thread 0x000002ae8249e910 Exception <a 'sun/nio/fs/WindowsException'{0x0000000623b3d350}> (0x0000000623b3d350) 
thrown [s\src\hotspot\share\prims\jni.cpp, line 516]
Event: 0.251 Thread 0x000002ae8249e910 Exception <a 'sun/nio/fs/WindowsException'{0x0000000623b3d728}> (0x0000000623b3d728) 
thrown [s\src\hotspot\share\prims\jni.cpp, line 516]
Event: 0.253 Thread 0x000002ae8249e910 Exception <a 'sun/nio/fs/WindowsException'{0x0000000623b45a08}> (0x0000000623b45a08) 
thrown [s\src\hotspot\share\prims\jni.cpp, line 516]
Event: 0.253 Thread 0x000002ae8249e910 Exception <a 'sun/nio/fs/WindowsException'{0x0000000623b45d18}> (0x0000000623b45d18) 
thrown [s\src\hotspot\share\prims\jni.cpp, line 516]
Event: 0.350 Thread 0x000002ae8249e910 Exception <a 'java/lang/NoSuchMethodError'{0x00000006232b2f90}: 'java.lang.Object java.lang.invoke.DirectMethodHandle$Holder.invokeInterface(java.lang.Object, java.lang.Object)'> (0x00000006232b2f90) 
thrown [s\src\hotspot\share\interpreter\linkResolver.cpp, line 759]

VM Operations (6 events):
Event: 0.080 Executing VM operation: HandshakeAllThreads
Event: 0.080 Executing VM operation: HandshakeAllThreads done
Event: 0.142 Executing VM operation: HandshakeAllThreads
Event: 0.142 Executing VM operation: HandshakeAllThreads done
Event: 0.257 Executing VM operation: HandshakeAllThreads
Event: 0.257 Executing VM operation: HandshakeAllThreads done

Events (20 events):
Event: 0.355 loading class java/util/concurrent/ConcurrentHashMap$EntryIterator
Event: 0.355 loading class java/util/concurrent/ConcurrentHashMap$EntryIterator done
Event: 0.355 loading class java/util/concurrent/ConcurrentHashMap$MapEntry
Event: 0.355 loading class java/util/concurrent/ConcurrentHashMap$MapEntry done
Event: 0.355 loading class java/util/ResourceBundle$BundleReference
Event: 0.355 loading class java/util/ResourceBundle$BundleReference done
Event: 0.355 loading class java/util/HashMap$KeySpliterator
Event: 0.356 loading class java/util/HashMap$HashMapSpliterator
Event: 0.356 loading class java/util/HashMap$HashMapSpliterator done
Event: 0.356 loading class java/util/HashMap$KeySpliterator done
Event: 0.356 loading class java/lang/invoke/DirectMethodHandle$Special
Event: 0.356 loading class java/lang/invoke/DirectMethodHandle$Special done
Event: 0.357 loading class java/lang/AssertionError
Event: 0.357 loading class java/lang/AssertionError done
Event: 0.358 loading class java/io/DataInputStream
Event: 0.358 loading class java/io/DataInputStream done
Event: 0.358 loading class java/util/regex/Pattern$GroupCurly
Event: 0.358 loading class java/util/regex/Pattern$GroupCurly done
Event: 0.358 loading class java/util/ArrayList$SubList
Event: 0.359 loading class java/util/ArrayList$SubList done


Dynamic libraries:
0x00007ff7c1250000 - 0x00007ff7c125e000 	C:\Users\p10388387\.p2\pool\plugins\org.eclipse.justj.openjdk.hotspot.jre.full.win32.x86_64_17.0.6.v20230204-1729\jre\bin\javaw.exe
0x00007ffed3e90000 - 0x00007ffed4088000 	C:\windows\SYSTEM32\ntdll.dll
0x00007ffed26f0000 - 0x00007ffed27ad000 	C:\windows\System32\KERNEL32.DLL
0x00007ffed1540000 - 0x00007ffed1836000 	C:\windows\System32\KERNELBASE.dll
0x00007ffed1a10000 - 0x00007ffed1b10000 	C:\windows\System32\ucrtbase.dll
0x00007ffec7510000 - 0x00007ffec7527000 	C:\Users\p10388387\.p2\pool\plugins\org.eclipse.justj.openjdk.hotspot.jre.full.win32.x86_64_17.0.6.v20230204-1729\jre\bin\jli.dll
0x00007ffec47a0000 - 0x00007ffec47b9000 	C:\Users\p10388387\.p2\pool\plugins\org.eclipse.justj.openjdk.hotspot.jre.full.win32.x86_64_17.0.6.v20230204-1729\jre\bin\VCRUNTIME140.dll
0x00007ffed28e0000 - 0x00007ffed2a7f000 	C:\windows\System32\USER32.dll
0x00007ffe90340000 - 0x00007ffe905da000 	C:\windows\WinSxS\amd64_microsoft.windows.common-controls_6595b64144ccf1df_6.0.19041.3636_none_60b6a03d71f818d5\COMCTL32.dll
0x00007ffed1840000 - 0x00007ffed1862000 	C:\windows\System32\win32u.dll
0x00007ffed2fc0000 - 0x00007ffed305e000 	C:\windows\System32\msvcrt.dll
0x00007ffed3060000 - 0x00007ffed308b000 	C:\windows\System32\GDI32.dll
0x00007ffed18a0000 - 0x00007ffed19b7000 	C:\windows\System32\gdi32full.dll
0x00007ffed1b10000 - 0x00007ffed1bad000 	C:\windows\System32\msvcp_win.dll
0x00007ffed2eb0000 - 0x00007ffed2ee2000 	C:\windows\System32\IMM32.DLL
0x0000000068000000 - 0x0000000068071000 	C:\windows\System32\QIPCAP64.dll
0x00007ffed25e0000 - 0x00007ffed2690000 	C:\windows\System32\ADVAPI32.dll
0x00007ffed2a80000 - 0x00007ffed2b20000 	C:\windows\System32\sechost.dll
0x00007ffed27b0000 - 0x00007ffed28d3000 	C:\windows\System32\RPCRT4.dll
0x00007ffed1870000 - 0x00007ffed1897000 	C:\windows\System32\bcrypt.dll
0x00007ffed36e0000 - 0x00007ffed3e4b000 	C:\windows\System32\SHELL32.dll
0x00007ffed09a0000 - 0x00007ffed0a6b000 	C:\windows\SYSTEM32\DNSAPI.dll
0x00007ffed0960000 - 0x00007ffed099b000 	C:\windows\SYSTEM32\IPHLPAPI.DLL
0x00007ffed2f50000 - 0x00007ffed2f58000 	C:\windows\System32\NSI.dll
0x00007ffeca180000 - 0x00007ffeca18c000 	C:\Users\p10388387\.p2\pool\plugins\org.eclipse.justj.openjdk.hotspot.jre.full.win32.x86_64_17.0.6.v20230204-1729\jre\bin\vcruntime140_1.dll
0x00007ffe720e0000 - 0x00007ffe72171000 	C:\Users\p10388387\.p2\pool\plugins\org.eclipse.justj.openjdk.hotspot.jre.full.win32.x86_64_17.0.6.v20230204-1729\jre\bin\msvcp140.dll
0x00007ffe28b70000 - 0x00007ffe297b7000 	C:\Users\p10388387\.p2\pool\plugins\org.eclipse.justj.openjdk.hotspot.jre.full.win32.x86_64_17.0.6.v20230204-1729\jre\bin\server\jvm.dll
0x00007ffec7880000 - 0x00007ffec788a000 	C:\windows\SYSTEM32\VERSION.dll
0x00007ffec6060000 - 0x00007ffec6087000 	C:\windows\SYSTEM32\WINMM.dll
0x00007ffea6ae0000 - 0x00007ffea6ae9000 	C:\windows\SYSTEM32\WSOCK32.dll
0x00007ffed2bc0000 - 0x00007ffed2c2b000 	C:\windows\System32\WS2_32.dll
0x00007ffecfcb0000 - 0x00007ffecfcc2000 	C:\windows\SYSTEM32\kernel.appcore.dll
0x00007ffe59730000 - 0x00007ffe5973a000 	C:\Users\p10388387\.p2\pool\plugins\org.eclipse.justj.openjdk.hotspot.jre.full.win32.x86_64_17.0.6.v20230204-1729\jre\bin\jimage.dll
0x00007ffecf810000 - 0x00007ffecf9f4000 	C:\windows\SYSTEM32\DBGHELP.DLL
0x00007ffebc8f0000 - 0x00007ffebc924000 	C:\windows\SYSTEM32\dbgcore.DLL
0x00007ffed1bb0000 - 0x00007ffed1c32000 	C:\windows\System32\bcryptPrimitives.dll
0x00007ffe2a400000 - 0x00007ffe2a425000 	C:\Users\p10388387\.p2\pool\plugins\org.eclipse.justj.openjdk.hotspot.jre.full.win32.x86_64_17.0.6.v20230204-1729\jre\bin\java.dll
0x00007ffe59710000 - 0x00007ffe59728000 	C:\Users\p10388387\.p2\pool\plugins\org.eclipse.justj.openjdk.hotspot.jre.full.win32.x86_64_17.0.6.v20230204-1729\jre\bin\zip.dll
0x00007ffecf070000 - 0x00007ffecf80e000 	C:\windows\SYSTEM32\windows.storage.dll
0x00007ffed2270000 - 0x00007ffed25c3000 	C:\windows\System32\combase.dll
0x00007ffed0f70000 - 0x00007ffed0f9e000 	C:\windows\SYSTEM32\Wldp.dll
0x000002aeab6d0000 - 0x000002aeab79d000 	C:\windows\System32\OLEAUT32.dll
0x00007ffed3630000 - 0x00007ffed36dd000 	C:\windows\System32\SHCORE.dll
0x000002ae823c0000 - 0x000002ae82415000 	C:\windows\System32\shlwapi.dll
0x00007ffed1470000 - 0x00007ffed1493000 	C:\windows\SYSTEM32\profapi.dll
0x00007ffe2a3e0000 - 0x00007ffe2a3f9000 	C:\Users\p10388387\.p2\pool\plugins\org.eclipse.justj.openjdk.hotspot.jre.full.win32.x86_64_17.0.6.v20230204-1729\jre\bin\net.dll
0x00007ffec9300000 - 0x00007ffec940a000 	C:\windows\SYSTEM32\WINHTTP.dll
0x00007ffed0cd0000 - 0x00007ffed0d3a000 	C:\windows\system32\mswsock.dll
0x00007ffe2a2d0000 - 0x00007ffe2a2e5000 	C:\Users\p10388387\.p2\pool\plugins\org.eclipse.justj.openjdk.hotspot.jre.full.win32.x86_64_17.0.6.v20230204-1729\jre\bin\nio.dll
0x00007ffe46880000 - 0x00007ffe46890000 	C:\Users\p10388387\.p2\pool\plugins\org.eclipse.justj.openjdk.hotspot.jre.full.win32.x86_64_17.0.6.v20230204-1729\jre\bin\verify.dll
0x00007ffe72070000 - 0x00007ffe720d4000 	C:\Users\p10388387\AppData\Local\Temp\lwjglP10388387\3.2.3-build-13\lwjgl.dll
0x00007ffe69990000 - 0x00007ffe699f2000 	C:\Users\P10388~1\AppData\Local\Temp\lwjglP10388387\3.2.3-build-13\glfw.dll
0x00007ffecbe20000 - 0x00007ffecbebe000 	C:\windows\system32\uxtheme.dll
0x00007ffebae30000 - 0x00007ffebae75000 	C:\windows\SYSTEM32\dinput8.dll
0x00007ffebaec0000 - 0x00007ffebaed1000 	C:\windows\SYSTEM32\xinput1_4.dll
0x00007ffed19c0000 - 0x00007ffed1a0e000 	C:\windows\System32\cfgmgr32.dll
0x00007ffed1300000 - 0x00007ffed1333000 	C:\windows\SYSTEM32\DEVOBJ.dll
0x00007ffece960000 - 0x00007ffece98f000 	C:\windows\SYSTEM32\dwmapi.dll
0x00007ffe7e590000 - 0x00007ffe7e6e2000 	C:\windows\SYSTEM32\inputhost.dll
0x00007ffeca3e0000 - 0x00007ffeca537000 	C:\windows\SYSTEM32\wintypes.dll
0x00007ffecfa00000 - 0x00007ffecfaf6000 	C:\windows\SYSTEM32\PROPSYS.dll
0x00007ffecb3c0000 - 0x00007ffecb71b000 	C:\windows\SYSTEM32\CoreUIComponents.dll
0x00007ffecbaa0000 - 0x00007ffecbb92000 	C:\windows\SYSTEM32\CoreMessaging.dll
0x00007ffed0630000 - 0x00007ffed0663000 	C:\windows\SYSTEM32\ntmarta.dll
0x00007ffed1ec0000 - 0x00007ffed1fd5000 	C:\windows\System32\MSCTF.dll
0x00007ffecfb30000 - 0x00007ffecfb3d000 	C:\windows\SYSTEM32\HID.DLL
0x00007ffed3160000 - 0x00007ffed35ce000 	C:\windows\System32\SETUPAPI.DLL
0x00007ffed1cf0000 - 0x00007ffed1d57000 	C:\windows\System32\WINTRUST.dll
0x00007ffed1d60000 - 0x00007ffed1ebe000 	C:\windows\System32\CRYPT32.dll
0x00007ffed1100000 - 0x00007ffed1112000 	C:\windows\SYSTEM32\MSASN1.dll
0x00007ffe5fcb0000 - 0x00007ffe5fdd5000 	C:\windows\SYSTEM32\opengl32.dll
0x00007ffe5fbb0000 - 0x00007ffe5fbdc000 	C:\windows\SYSTEM32\GLU32.dll
0x00007ffed3090000 - 0x00007ffed3139000 	C:\windows\System32\clbcatq.dll
0x00007ffe3ceb0000 - 0x00007ffe3e075000 	C:\windows\System32\DriverStore\FileRepository\iigd_dch.inf_amd64_fbde2f4ce36c42df\igxelpicd64.dll
0x00007ffed2cb0000 - 0x00007ffed2ddb000 	C:\windows\System32\ole32.dll
0x00007ffecfcd0000 - 0x00007ffecfdc3000 	C:\windows\system32\dxgi.dll
0x00007ffe64ca0000 - 0x00007ffe64fd1000 	C:\windows\System32\DriverStore\FileRepository\iigd_dch.inf_amd64_fbde2f4ce36c42df\igdml64.dll
0x00007ffec0b70000 - 0x00007ffec0fad000 	C:\windows\System32\DriverStore\FileRepository\iigd_dch.inf_amd64_fbde2f4ce36c42df\igdgmm64.dll
0x00007ffebcaf0000 - 0x00007ffec0b65000 	C:\windows\System32\DriverStore\FileRepository\iigd_dch.inf_amd64_fbde2f4ce36c42df\igc64.dll
0x00007ffed0a80000 - 0x00007ffed0acb000 	C:\windows\SYSTEM32\powrprof.dll
0x00007ffed0940000 - 0x00007ffed0952000 	C:\windows\SYSTEM32\UMPDC.dll
0x00007ffe72010000 - 0x00007ffe72069000 	C:\Users\p10388387\AppData\Local\Temp\lwjglP10388387\3.2.3-build-13\lwjgl_opengl.dll
0x00007ffe905e0000 - 0x00007ffe906d9000 	C:\windows\SYSTEM32\textinputframework.dll

dbghelp: loaded successfully - version: 4.0.5 - missing functions: none
symbol engine: initialized successfully - sym options: 0x614 - pdb path: .;C:\Users\p10388387\.p2\pool\plugins\org.eclipse.justj.openjdk.hotspot.jre.full.win32.x86_64_17.0.6.v20230204-1729\jre\bin;C:\windows\SYSTEM32;C:\windows\WinSxS\amd64_microsoft.windows.common-controls_6595b64144ccf1df_6.0.19041.3636_none_60b6a03d71f818d5;C:\Users\p10388387\.p2\pool\plugins\org.eclipse.justj.openjdk.hotspot.jre.full.win32.x86_64_17.0.6.v20230204-1729\jre\bin\server;C:\Users\p10388387\AppData\Local\Temp\lwjglP10388387\3.2.3-build-13;C:\Users\P10388~1\AppData\Local\Temp\lwjglP10388387\3.2.3-build-13;C:\windows\System32\DriverStore\FileRepository\iigd_dch.inf_amd64_fbde2f4ce36c42df

VM Arguments:
jvm_args: -Dfile.encoding=UTF-8 -XX:+ShowCodeDetailsInExceptionMessages 
java_command: RenderEngine.Test
java_class_path (initial): C:\Users\p10388387\TrainingWorkspace\RenderEngine\lib\bin\main;C:\Users\p10388387\.gradle\caches\modules-2\files-2.1\org.apache.commons\commons-lang3\3.0\8873bd0bb5cb9ee37f1b04578eb7e26fcdd44cb0\commons-lang3-3.0.jar;C:\Users\p10388387\.gradle\caches\modules-2\files-2.1\org.jbox2d\jbox2d-library\2.2.1.1\4f21646d52bb51b56cbc3359c0f8fb223098ee04\jbox2d-library-2.2.1.1.jar;C:\Users\p10388387\.gradle\caches\modules-2\files-2.1\com.google.code.gson\gson\2.8.6\9180733b7df8542621dc12e21e87557e8c99b8cb\gson-2.8.6.jar;C:\Users\p10388387\.gradle\caches\modules-2\files-2.1\io.github.spair\imgui-java-app\1.81.0\37a0be053a63da53c3628b3d6186ccbd380f7106\imgui-java-app-1.81.0.jar;C:\Users\p10388387\.gradle\caches\modules-2\files-2.1\org.lwjgl\lwjgl-assimp\3.2.3\f62aa07a20afbdd3097efc296c4841e0d29700eb\lwjgl-assimp-3.2.3.jar;C:\Users\p10388387\.gradle\caches\modules-2\files-2.1\org.lwjgl\lwjgl-glfw\3.2.3\5e520d5c290c8b012545a8d34fa5db5ab051ea53\lwjgl-glfw-3.2.3.jar;C:\Users\p10388387\.gradle\caches\modules-2\files-2.1\org.lwjgl\lwjgl-glfw\3.2.3\62b044d9b0a057444bef2ab70b9afc288ec09dba\lwjgl-glfw-3.2.3-natives-linux.jar;C:\Users\p10388387\.gradle\caches\modules-2\files-2.1\org.lwjgl\lwjgl-glfw\3.2.3\b4d8a3477cdc2edcf7a5f1e822926be846223f54\lwjgl-glfw-3.2.3-natives-windows.jar;C:\Users\p10388387\.gradle\caches\modules-2\files-2.1\org.lwjgl\lwjgl-glfw\3.2.3\58661272eacb9116336c88b4aadccf1f17c09b\lwjgl-glfw-3.2.3-natives-macos.jar;C:\Users\p10388387\.gradle\caches\modules-2\files-2.1\org.lwjgl\lwjgl-nfd\3.2.3\c44fee1043c022cf6614a28872d44cf114ca7737\lwjgl-nfd-3.2.3.jar;C:\Users\p10388387\.gradle\caches\modules-2\files-2.1\org.lwjgl\lwjgl-openal\3.2.3\106742e805803ab9eab8e343f0fb31a3d263903c\lwjgl-openal-3.2.3.jar;C:\Users\p10388387\.gradle\caches\modules-2\files-2.1\org.lwjgl\lwjgl-opengl\3.2.3\bdd534a323d0c8f54969b95e424b6ac8984f7d6e\lwjgl-opengl-3.2.3.jar;C:\Users\p10388387\.gradle\caches\modules-2\files-2.1\org.lwjgl\lwjgl-opengl\3.2.3\7f14db5da9aa7951ef
Launcher Type: SUN_STANDARD

[Global flags]
     intx CICompilerCount                          = 12                                        {product} {ergonomic}
     uint ConcGCThreads                            = 3                                         {product} {ergonomic}
     uint G1ConcRefinementThreads                  = 13                                        {product} {ergonomic}
   size_t G1HeapRegionSize                         = 4194304                                   {product} {ergonomic}
    uintx GCDrainStackTargetSize                   = 64                                        {product} {ergonomic}
   size_t InitialHeapSize                          = 532676608                                 {product} {ergonomic}
   size_t MarkStackSize                            = 4194304                                   {product} {ergonomic}
   size_t MaxHeapSize                              = 8518631424                                {product} {ergonomic}
   size_t MaxNewSize                               = 5108662272                                {product} {ergonomic}
   size_t MinHeapDeltaBytes                        = 4194304                                   {product} {ergonomic}
   size_t MinHeapSize                              = 8388608                                   {product} {ergonomic}
    uintx NonNMethodCodeHeapSize                   = 7602480                                {pd product} {ergonomic}
    uintx NonProfiledCodeHeapSize                  = 122027880                              {pd product} {ergonomic}
    uintx ProfiledCodeHeapSize                     = 122027880                              {pd product} {ergonomic}
    uintx ReservedCodeCacheSize                    = 251658240                              {pd product} {ergonomic}
     bool SegmentedCodeCache                       = true                                      {product} {ergonomic}
     bool ShowCodeDetailsInExceptionMessages       = true                                   {manageable} {command line}
   size_t SoftMaxHeapSize                          = 8518631424                             {manageable} {ergonomic}
     bool UseCompressedClassPointers               = true                           {product lp64_product} {ergonomic}
     bool UseCompressedOops                        = true                           {product lp64_product} {ergonomic}
     bool UseG1GC                                  = true                                      {product} {ergonomic}
     bool UseLargePagesIndividualAllocation        = false                                  {pd product} {ergonomic}

Logging:
Log output configuration:
 #0: stdout all=warning uptime,level,tags
 #1: stderr all=off uptime,level,tags

Environment Variables:
JAVA_HOME=C:\Java\jdk1.8.0_361
PATH=C:/Users/p10388387/.p2/pool/plugins/org.eclipse.justj.openjdk.hotspot.jre.full.win32.x86_64_17.0.6.v20230204-1729/jre/bin/server;C:/Users/p10388387/.p2/pool/plugins/org.eclipse.justj.openjdk.hotspot.jre.full.win32.x86_64_17.0.6.v20230204-1729/jre/bin;C:\Program Files\Common Files\Oracle\Java\javapath;C:\app\P10388387\product\18.0.0\dbhomeXE\bin;C:\Oracle19c\bin;C:\Program Files (x86)\Common Files\Oracle\Java\javapath;C:\Program Files\Microsoft MPI\Bin\;C:\windows\system32;C:\windows;C:\windows\System32\Wbem;C:\windows\System32\WindowsPowerShell\v1.0\;C:\windows\System32\OpenSSH\;C:\Program Files (x86)\Microsoft SQL Server\160\DTS\Binn\;C:\Program Files\Azure Data Studio\bin;C:\Program Files (x86)\Microsoft SQL Server\160\Tools\Binn\;C:\Program Files\Microsoft SQL Server\160\Tools\Binn\;C:\Program Files\Microsoft SQL Server\Client SDK\ODBC\170\Tools\Binn\;C:\Program Files\Microsoft SQL Server\160\DTS\Binn\;C:\Program Files\Git\cmd;C:\Program Files (x86)\Microsoft SQL Server\140\Tools\Binn\;C:\Program Files\Microsoft SQL Server\140\Tools\Binn\;C:\Program Files (x86)\Microsoft SQL Server\140\DTS\Binn\;C:\Program Files\Microsoft SQL Server\140\DTS\Binn\;C:\Program Files\Microsoft SQL Server\Client SDK\ODBC\130\Tools\Binn\;C:\Program Files (x86)\Microsoft SQL Server\150\Tools\Binn\;C:\Program Files\Microsoft SQL Server\150\Tools\Binn\;C:\Program Files\Microsoft SQL Server\150\DTS\Binn\;C:\Users\p10388387\AppData\Local\Microsoft\WindowsApps;;C:\Program Files\Azure Data Studio\bin;C:\Users\p10388387\OneDrive - Capita\Desktop;
USERNAME=P10388387
OS=Windows_NT
PROCESSOR_IDENTIFIER=Intel64 Family 6 Model 141 Stepping 1, GenuineIntel
TMP=C:\Users\P10388~1\AppData\Local\Temp
TEMP=C:\Users\P10388~1\AppData\Local\Temp



---------------  S Y S T E M  ---------------

OS:
 Windows 10 , 64 bit Build 19041 (10.0.19041.3636)
OS uptime: 1 days 5:06 hours

CPU: total 16 (initial active 16) (8 cores per cpu, 2 threads per core) family 6 model 141 stepping 1 microcode 0x4e, cx8, cmov, fxsr, ht, mmx, 3dnowpref, sse, sse2, sse3, ssse3, sse4.1, sse4.2, popcnt, lzcnt, tsc, tscinvbit, avx, avx2, aes, erms, clmul, bmi1, bmi2, adx, avx512f, avx512dq, avx512cd, avx512bw, avx512vl, sha, fma, vzeroupper, avx512_vpopcntdq, avx512_vpclmulqdq, avx512_vaes, avx512_vnni, clflush, clflushopt, clwb, avx512_vbmi2, avx512_vbmi

Memory: 4k page, system-wide physical 32494M (19706M free)
TotalPageFile size 37358M (AvailPageFile size 18672M)
current process WorkingSet (physical memory assigned to process): 144M, peak: 144M
current process commit charge ("private bytes"): 653M, peak: 653M

vm_info: OpenJDK 64-Bit Server VM (17.0.6+10) for windows-amd64 JRE (17.0.6+10), built on Jan 18 2023 10:08:59 by "temurin" with MS VC++ 16.7 (VS2019)

END.
