#
# A fatal error has been detected by the Java Runtime Environment:
#
#  EXCEPTION_ACCESS_VIOLATION (0xc0000005) at pc=0x00007ffe3cf0ea87, pid=4640, tid=12204
#
# JRE version: OpenJDK Runtime Environment Temurin-17.0.6+10 (17.0.6+10) (build 17.0.6+10)
# Java VM: OpenJDK 64-Bit Server VM Temurin-17.0.6+10 (17.0.6+10, mixed mode, tiered, compressed oops, compressed class ptrs, g1 gc, windows-amd64)
# Problematic frame:
# C  [igxelpicd64.dll+0x5ea87]
#
# No core dump will be written. Minidumps are not enabled by default on client versions of Windows
#
# If you would like to submit a bug report, please visit:
#   https://github.com/adoptium/adoptium-support/issues
# The crash happened outside the Java Virtual Machine in native code.
# See problematic frame for where to report the bug.
#

---------------  S U M M A R Y ------------

Command Line: -Dfile.encoding=UTF-8 -XX:+ShowCodeDetailsInExceptionMessages RenderEngine.Test

Host: 11th Gen Intel(R) Core(TM) i7-11850H @ 2.50GHz, 16 cores, 31G,  Windows 10 , 64 bit Build 19041 (10.0.19041.3636)
Time: Sun May 19 16:45:17 2024 GMT Daylight Time elapsed time: 0.399965 seconds (0d 0h 0m 0s)

---------------  T H R E A D  ---------------

Current thread (0x00000225df3cd8c0):  JavaThread "main" [_thread_in_native, id=12204, stack(0x0000009da7700000,0x0000009da7800000)]

Stack: [0x0000009da7700000,0x0000009da7800000],  sp=0x0000009da77fda90,  free space=1014k
Native frames: (J=compiled Java code, j=interpreted, Vv=VM code, C=native code)
C  [igxelpicd64.dll+0x5ea87]

Java frames: (J=compiled Java code, j=interpreted, Vv=VM code)
j  org.lwjgl.opengl.GL11C.nglTexImage2D(IIIIIIIIJ)V+0
j  org.lwjgl.opengl.GL11C.glTexImage2D(IIIIIIIILjava/nio/ByteBuffer;)V+17
j  org.lwjgl.opengl.GL11.glTexImage2D(IIIIIIIILjava/nio/ByteBuffer;)V+14
j  jschimera.loc.render.data.dao.TextureFontDao.read(Ljava/lang/String;)Ljschimera/loc/asset/domain/TextureDetails;+243
j  jschimera.loc.asset.domain.Texture.<init>(Ljava/lang/String;Ljava/lang/String;)V+15
j  jschimera.loc.asset.cache.TextureCache.loadTexture(Ljava/lang/String;Ljava/lang/String;)Ljschimera/loc/asset/domain/Texture;+6
j  jschimera.loc.asset.cache.TextureCache$1.load(Ljschimera/loc/asset/cache/TextureCache$TextureCacheKey;)Ljschimera/loc/asset/domain/Texture;+12
j  jschimera.loc.asset.cache.TextureCache$1.load(Ljava/lang/Object;)Ljava/lang/Object;+5
j  jschimera.loc.asset.cache.LocalCache.lambda$0(Ljschimera/loc/asset/cache/CacheLoader;Ljava/lang/Object;)Ljava/lang/Object;+2
j  jschimera.loc.asset.cache.LocalCache$$Lambda$31+0x00000008000a4c80.apply(Ljava/lang/Object;)Ljava/lang/Object;+5
j  java.util.HashMap.computeIfAbsent(Ljava/lang/Object;Ljava/util/function/Function;)Ljava/lang/Object;+202 java.base@17.0.6
j  jschimera.loc.asset.cache.LocalCache.get(Ljava/lang/Object;Ljschimera/loc/asset/cache/CacheLoader;)Ljava/lang/Object;+11
j  jschimera.loc.asset.cache.LocalCache.getOrLoad(Ljava/lang/Object;)Ljava/lang/Object;+6
j  jschimera.loc.asset.cache.LocalCache$LocalLoadingCache.get(Ljava/lang/Object;)Ljava/lang/Object;+2
j  jschimera.loc.asset.cache.TextureCache.getTexture(Ljava/lang/String;Ljava/lang/String;)Ljschimera/loc/asset/domain/Texture;+14
j  jschimera.loc.asset.AssetManager.getTexture(Ljava/lang/String;Ljava/lang/String;)Ljschimera/loc/asset/domain/Texture;+6
j  jschimera.loc.asset.AssetManager.lambda$1(Ljava/util/ResourceBundle;Ljava/lang/String;)V+7
j  jschimera.loc.asset.AssetManager$$Lambda$32+0x00000008000a5990.accept(Ljava/lang/Object;)V+12
j  java.util.HashMap$KeySpliterator.forEachRemaining(Ljava/util/function/Consumer;)V+145 java.base@17.0.6
j  java.util.stream.ReferencePipeline$Head.forEach(Ljava/util/function/Consumer;)V+12 java.base@17.0.6
j  jschimera.loc.asset.AssetManager.loadAllResources()V+49
j  jschimera.loc.render.Renderer.cacheAssets()V+3
j  jschimera.loc.render.Renderer.init(Lorg/lwjgl/glfw/GLFWCursorPosCallbackI;Lorg/lwjgl/glfw/GLFWMouseButtonCallbackI;Lorg/lwjgl/glfw/GLFWScrollCallbackI;Lorg/lwjgl/glfw/GLFWKeyCallbackI;Lorg/lwjgl/glfw/GLFWWindowSizeCallbackI;)V+34
j  RenderEngine.Test.main([Ljava/lang/String;)V+374
v  ~StubRoutines::call_stub

siginfo: EXCEPTION_ACCESS_VIOLATION (0xc0000005), reading address 0x0000022593cd3000


Register to memory mapping:

RIP=0x00007ffe3cf0ea87 igxelpicd64.dll
RAX=0x000000000000000b is an unknown value
RBX=0x0000009da77fdb50 is pointing into the stack for thread: 0x00000225df3cd8c0
RCX=0x000000000000000f is an unknown value
RDX=0x0000022593cd2fec points into unknown readable memory: 00 00 00 00
RSP=0x0000009da77fda90 is pointing into the stack for thread: 0x00000225df3cd8c0
RBP=0x00000000000001e9 is an unknown value
RSI=0x0000022593cd2a6c points into unknown readable memory: 00 00 00 00
RDI=0x000002258b670d40 points into unknown readable memory: 0x0000000000000000 | 00 00 00 00 00 00 00 00
R8 =0x00000000000007ac is an unknown value
R9 =0x000000000000000c is an unknown value
R10=0x0 is NULL
R11=0x00000000000007ac is an unknown value
R12=0x0 is NULL
R13=0x0000000000000001 is an unknown value
R14=0x0000009da77fdcd0 is pointing into the stack for thread: 0x00000225df3cd8c0
R15=0x0000000000000049 is an unknown value


Registers:
RAX=0x000000000000000b, RBX=0x0000009da77fdb50, RCX=0x000000000000000f, RDX=0x0000022593cd2fec
RSP=0x0000009da77fda90, RBP=0x00000000000001e9, RSI=0x0000022593cd2a6c, RDI=0x000002258b670d40
R8 =0x00000000000007ac, R9 =0x000000000000000c, R10=0x0000000000000000, R11=0x00000000000007ac
R12=0x0000000000000000, R13=0x0000000000000001, R14=0x0000009da77fdcd0, R15=0x0000000000000049
RIP=0x00007ffe3cf0ea87, EFLAGS=0x0000000000010207

Top of Stack: (sp=0x0000009da77fda90)
0x0000009da77fda90:   0000000000000000 0000000000000000
0x0000009da77fdaa0:   0000000000000000 0000000000000000
0x0000009da77fdab0:   000002258b6707c0 00007ffe3cf7cff2
0x0000009da77fdac0:   0000022590574950 00000225895f9210
0x0000009da77fdad0:   0000009da77fdcd0 0000000000000001
0x0000009da77fdae0:   0000009da77fdcd0 00007ffe3cf7ac21
0x0000009da77fdaf0:   000002258b670000 0000009da77fdbf0
0x0000009da77fdb00:   0000000000000000 00000000000007c0
0x0000009da77fdb10:   0000000000000049 4000218000000001
0x0000009da77fdb20:   0000022593cd22c0 000002258b670000
0x0000009da77fdb30:   00000225894c3da8 000002258963b3e0
0x0000009da77fdb40:   00000225894c3d40 0000000000000002
0x0000009da77fdb50:   00007ffe3db034d0 0000022589605980
0x0000009da77fdb60:   000001eb000001eb 0000004900000000
0x0000009da77fdb70:   000007ac00000004 0000022593cd22c0
0x0000009da77fdb80:   0000000489600049 00007ffe000007c0 

Instructions: (pc=0x00007ffe3cf0ea87)
0x00007ffe3cf0e987:   cc cc cc cc cc cc cc cc cc 48 89 5c 24 08 57 48
0x00007ffe3cf0e997:   83 ec 20 33 d2 48 8b d9 e8 38 00 00 00 48 8b 7b
0x00007ffe3cf0e9a7:   40 48 85 ff 74 16 48 8d 4f 10 e8 02 a7 fd ff ba
0x00007ffe3cf0e9b7:   40 01 00 00 48 8b cf e8 d5 a7 8a 00 48 8b 4b 08
0x00007ffe3cf0e9c7:   48 85 c9 74 05 e8 c7 a7 8a 00 48 8b 5c 24 30 48
0x00007ffe3cf0e9d7:   83 c4 20 5f c3 48 89 5c 24 08 57 48 83 ec 20 48
0x00007ffe3cf0e9e7:   8b d9 48 8b fa 48 8b 49 48 48 85 c9 75 0f 48 89
0x00007ffe3cf0e9f7:   7b 48 48 8b 5c 24 30 48 83 c4 20 5f c3 ff 15 b6
0x00007ffe3cf0ea07:   f6 bd 00 eb e9 48 83 ec 28 48 81 f9 00 10 00 00
0x00007ffe3cf0ea17:   76 0d 48 85 d2 74 08 45 8b c0 e8 0a 00 00 00 48
0x00007ffe3cf0ea27:   83 c4 28 c3 cc cc cc cc cc 40 57 48 83 ec 20 45
0x00007ffe3cf0ea37:   33 d2 48 8b f9 49 83 f8 10 0f 82 ae 00 00 00 83
0x00007ffe3cf0ea47:   e1 0f 0f 85 df 01 00 00 8b c1 45 8b ca 4c 2b c0
0x00007ffe3cf0ea57:   0f 29 74 24 10 49 8b c8 0f 29 3c 24 48 c1 e9 07
0x00007ffe3cf0ea67:   f6 c2 0f 0f 84 94 00 00 00 48 85 c9 74 6c 66 66
0x00007ffe3cf0ea77:   66 0f 1f 84 00 00 00 00 00 f3 0f 6f 02 41 ff c1
0x00007ffe3cf0ea87:   f3 0f 6f 4a 10 41 8b c1 f3 0f 6f 52 20 f3 0f 6f
0x00007ffe3cf0ea97:   5a 30 f3 0f 6f 62 40 f3 0f 6f 6a 50 f3 0f 6f 72
0x00007ffe3cf0eaa7:   60 f3 0f 6f 7a 70 66 0f e7 07 66 0f e7 4f 10 66
0x00007ffe3cf0eab7:   0f e7 57 20 66 0f e7 5f 30 66 0f e7 67 40 66 0f
0x00007ffe3cf0eac7:   e7 6f 50 66 0f e7 77 60 66 0f e7 7f 70 48 83 ef
0x00007ffe3cf0ead7:   80 48 83 ea 80 48 3b c1 72 9f 41 83 e0 7f 0f 85
0x00007ffe3cf0eae7:   0e 01 00 00 0f 28 74 24 10 0f 28 3c 24 41 83 e0
0x00007ffe3cf0eaf7:   0f 0f 85 b0 00 00 00 48 83 c4 20 5f c3 48 85 c9
0x00007ffe3cf0eb07:   74 68 0f 1f 80 00 00 00 00 f3 0f 6f 02 41 ff c1
0x00007ffe3cf0eb17:   f3 0f 6f 4a 10 f3 0f 6f 52 20 f3 0f 6f 5a 30 f3
0x00007ffe3cf0eb27:   0f 6f 62 40 f3 0f 6f 6a 50 f3 0f 6f 72 60 f3 0f
0x00007ffe3cf0eb37:   6f 7a 70 48 83 ea 80 66 0f e7 07 66 0f e7 4f 10
0x00007ffe3cf0eb47:   66 0f e7 57 20 66 0f e7 5f 30 66 0f e7 67 40 66
0x00007ffe3cf0eb57:   0f e7 6f 50 66 0f e7 77 60 66 0f e7 7f 70 48 83
0x00007ffe3cf0eb67:   ef 80 41 8b c1 48 3b c1 72 9f 41 83 e0 7f 0f 84
0x00007ffe3cf0eb77:   70 ff ff ff 45 8b c8 41 8b ca 49 c1 e9 04 4d 85 


Stack slot to memory mapping:
stack at sp + 0 slots: 0x0 is NULL
stack at sp + 1 slots: 0x0 is NULL
stack at sp + 2 slots: 0x0 is NULL
stack at sp + 3 slots: 0x0 is NULL
stack at sp + 4 slots: 0x000002258b6707c0 points into unknown readable memory: 0x0000000000000000 | 00 00 00 00 00 00 00 00
stack at sp + 5 slots: 0x00007ffe3cf7cff2 igxelpicd64.dll
stack at sp + 6 slots: 0x0000022590574950 points into unknown readable memory: 0x0000022589586050 | 50 60 58 89 25 02 00 00
stack at sp + 7 slots: 0x00000225895f9210 points into unknown readable memory: 0x0000022590451500 | 00 15 45 90 25 02 00 00


---------------  P R O C E S S  ---------------

Threads class SMR info:
_java_thread_list=0x00000225883f5ae0, length=14, elements={
0x00000225df3cd8c0, 0x000002258821c030, 0x000002258821cbe0, 0x000002258823c290,
0x0000022588240c70, 0x0000022588241e40, 0x00000225882427f0, 0x0000022588250620,
0x0000022588272cf0, 0x000002258827b2e0, 0x00000225883c5830, 0x00000225883e37e0,
0x00000225883e4100, 0x00000225883e4b80
}

Java Threads: ( => current thread )
=>0x00000225df3cd8c0 JavaThread "main" [_thread_in_native, id=12204, stack(0x0000009da7700000,0x0000009da7800000)]
  0x000002258821c030 JavaThread "Reference Handler" daemon [_thread_blocked, id=18388, stack(0x0000009da7e00000,0x0000009da7f00000)]
  0x000002258821cbe0 JavaThread "Finalizer" daemon [_thread_blocked, id=19784, stack(0x0000009da7f00000,0x0000009da8000000)]
  0x000002258823c290 JavaThread "Signal Dispatcher" daemon [_thread_blocked, id=10088, stack(0x0000009da8000000,0x0000009da8100000)]
  0x0000022588240c70 JavaThread "Attach Listener" daemon [_thread_blocked, id=21272, stack(0x0000009da8100000,0x0000009da8200000)]
  0x0000022588241e40 JavaThread "Service Thread" daemon [_thread_blocked, id=13544, stack(0x0000009da8200000,0x0000009da8300000)]
  0x00000225882427f0 JavaThread "Monitor Deflation Thread" daemon [_thread_blocked, id=18576, stack(0x0000009da8300000,0x0000009da8400000)]
  0x0000022588250620 JavaThread "C2 CompilerThread0" daemon [_thread_blocked, id=9648, stack(0x0000009da8400000,0x0000009da8500000)]
  0x0000022588272cf0 JavaThread "C1 CompilerThread0" daemon [_thread_blocked, id=18896, stack(0x0000009da8500000,0x0000009da8600000)]
  0x000002258827b2e0 JavaThread "Sweeper thread" daemon [_thread_blocked, id=6880, stack(0x0000009da8600000,0x0000009da8700000)]
  0x00000225883c5830 JavaThread "C1 CompilerThread1" daemon [_thread_blocked, id=5328, stack(0x0000009da8700000,0x0000009da8800000)]
  0x00000225883e37e0 JavaThread "C1 CompilerThread2" daemon [_thread_blocked, id=17640, stack(0x0000009da8800000,0x0000009da8900000)]
  0x00000225883e4100 JavaThread "Notification Thread" daemon [_thread_blocked, id=18964, stack(0x0000009da8900000,0x0000009da8a00000)]
  0x00000225883e4b80 JavaThread "Common-Cleaner" daemon [_thread_blocked, id=15640, stack(0x0000009da8b00000,0x0000009da8c00000)]

Other Threads:
  0x00000225fd43eb10 VMThread "VM Thread" [stack: 0x0000009da7d00000,0x0000009da7e00000] [id=4412]
  0x00000225df45cc00 WatcherThread [stack: 0x0000009da8a00000,0x0000009da8b00000] [id=7808]
  0x00000225fd280880 GCTaskThread "GC Thread#0" [stack: 0x0000009da7800000,0x0000009da7900000] [id=17292]
  0x00000225df44c510 ConcurrentGCThread "G1 Main Marker" [stack: 0x0000009da7900000,0x0000009da7a00000] [id=3248]
  0x00000225df44ce30 ConcurrentGCThread "G1 Conc#0" [stack: 0x0000009da7a00000,0x0000009da7b00000] [id=2568]
  0x00000225fd37dc00 ConcurrentGCThread "G1 Refine#0" [stack: 0x0000009da7b00000,0x0000009da7c00000] [id=7712]
  0x00000225fd37e620 ConcurrentGCThread "G1 Service" [stack: 0x0000009da7c00000,0x0000009da7d00000] [id=15904]

Threads with active compile tasks:

VM state: not at safepoint (normal execution)

VM Mutex/Monitor currently owned by a thread: None

Heap address: 0x0000000604400000, size: 8124 MB, Compressed Oops mode: Zero based, Oop shift amount: 3

CDS archive(s) not mapped
Compressed class space mapped at: 0x0000000800000000-0x0000000840000000, reserved size: 1073741824
Narrow klass base: 0x0000000800000000, Narrow klass shift: 0, Narrow klass range: 0x40000000

GC Precious Log:
 CPUs: 16 total, 16 available
 Memory: 32494M
 Large Page Support: Disabled
 NUMA Support: Disabled
 Compressed Oops: Enabled (Zero based)
 Heap Region Size: 4M
 Heap Min Capacity: 8M
 Heap Initial Capacity: 508M
 Heap Max Capacity: 8124M
 Pre-touch: Disabled
 Parallel Workers: 13
 Concurrent Workers: 3
 Concurrent Refinement Workers: 13
 Periodic GC: Disabled

Heap:
 garbage-first heap   total 520192K, used 12288K [0x0000000604400000, 0x0000000800000000)
  region size 4096K, 5 young (20480K), 0 survivors (0K)
 Metaspace       used 11674K, committed 11776K, reserved 1064960K
  class space    used 842K, committed 896K, reserved 1048576K

Heap Regions: E=young(eden), S=young(survivor), O=old, HS=humongous(starts), HC=humongous(continues), CS=collection set, F=free, OA=open archive, CA=closed archive, TAMS=top-at-mark-start (previous, next)
|   0|0x0000000604400000, 0x0000000604400000, 0x0000000604800000|  0%| F|  |TAMS 0x0000000604400000, 0x0000000604400000| Untracked 
|   1|0x0000000604800000, 0x0000000604800000, 0x0000000604c00000|  0%| F|  |TAMS 0x0000000604800000, 0x0000000604800000| Untracked 
|   2|0x0000000604c00000, 0x0000000604c00000, 0x0000000605000000|  0%| F|  |TAMS 0x0000000604c00000, 0x0000000604c00000| Untracked 
|   3|0x0000000605000000, 0x0000000605000000, 0x0000000605400000|  0%| F|  |TAMS 0x0000000605000000, 0x0000000605000000| Untracked 
|   4|0x0000000605400000, 0x0000000605400000, 0x0000000605800000|  0%| F|  |TAMS 0x0000000605400000, 0x0000000605400000| Untracked 
|   5|0x0000000605800000, 0x0000000605800000, 0x0000000605c00000|  0%| F|  |TAMS 0x0000000605800000, 0x0000000605800000| Untracked 
|   6|0x0000000605c00000, 0x0000000605c00000, 0x0000000606000000|  0%| F|  |TAMS 0x0000000605c00000, 0x0000000605c00000| Untracked 
|   7|0x0000000606000000, 0x0000000606000000, 0x0000000606400000|  0%| F|  |TAMS 0x0000000606000000, 0x0000000606000000| Untracked 
|   8|0x0000000606400000, 0x0000000606400000, 0x0000000606800000|  0%| F|  |TAMS 0x0000000606400000, 0x0000000606400000| Untracked 
|   9|0x0000000606800000, 0x0000000606800000, 0x0000000606c00000|  0%| F|  |TAMS 0x0000000606800000, 0x0000000606800000| Untracked 
|  10|0x0000000606c00000, 0x0000000606c00000, 0x0000000607000000|  0%| F|  |TAMS 0x0000000606c00000, 0x0000000606c00000| Untracked 
|  11|0x0000000607000000, 0x0000000607000000, 0x0000000607400000|  0%| F|  |TAMS 0x0000000607000000, 0x0000000607000000| Untracked 
|  12|0x0000000607400000, 0x0000000607400000, 0x0000000607800000|  0%| F|  |TAMS 0x0000000607400000, 0x0000000607400000| Untracked 
|  13|0x0000000607800000, 0x0000000607800000, 0x0000000607c00000|  0%| F|  |TAMS 0x0000000607800000, 0x0000000607800000| Untracked 
|  14|0x0000000607c00000, 0x0000000607c00000, 0x0000000608000000|  0%| F|  |TAMS 0x0000000607c00000, 0x0000000607c00000| Untracked 
|  15|0x0000000608000000, 0x0000000608000000, 0x0000000608400000|  0%| F|  |TAMS 0x0000000608000000, 0x0000000608000000| Untracked 
|  16|0x0000000608400000, 0x0000000608400000, 0x0000000608800000|  0%| F|  |TAMS 0x0000000608400000, 0x0000000608400000| Untracked 
|  17|0x0000000608800000, 0x0000000608800000, 0x0000000608c00000|  0%| F|  |TAMS 0x0000000608800000, 0x0000000608800000| Untracked 
|  18|0x0000000608c00000, 0x0000000608c00000, 0x0000000609000000|  0%| F|  |TAMS 0x0000000608c00000, 0x0000000608c00000| Untracked 
|  19|0x0000000609000000, 0x0000000609000000, 0x0000000609400000|  0%| F|  |TAMS 0x0000000609000000, 0x0000000609000000| Untracked 
|  20|0x0000000609400000, 0x0000000609400000, 0x0000000609800000|  0%| F|  |TAMS 0x0000000609400000, 0x0000000609400000| Untracked 
|  21|0x0000000609800000, 0x0000000609800000, 0x0000000609c00000|  0%| F|  |TAMS 0x0000000609800000, 0x0000000609800000| Untracked 
|  22|0x0000000609c00000, 0x0000000609c00000, 0x000000060a000000|  0%| F|  |TAMS 0x0000000609c00000, 0x0000000609c00000| Untracked 
|  23|0x000000060a000000, 0x000000060a000000, 0x000000060a400000|  0%| F|  |TAMS 0x000000060a000000, 0x000000060a000000| Untracked 
|  24|0x000000060a400000, 0x000000060a400000, 0x000000060a800000|  0%| F|  |TAMS 0x000000060a400000, 0x000000060a400000| Untracked 
|  25|0x000000060a800000, 0x000000060a800000, 0x000000060ac00000|  0%| F|  |TAMS 0x000000060a800000, 0x000000060a800000| Untracked 
|  26|0x000000060ac00000, 0x000000060ac00000, 0x000000060b000000|  0%| F|  |TAMS 0x000000060ac00000, 0x000000060ac00000| Untracked 
|  27|0x000000060b000000, 0x000000060b000000, 0x000000060b400000|  0%| F|  |TAMS 0x000000060b000000, 0x000000060b000000| Untracked 
|  28|0x000000060b400000, 0x000000060b400000, 0x000000060b800000|  0%| F|  |TAMS 0x000000060b400000, 0x000000060b400000| Untracked 
|  29|0x000000060b800000, 0x000000060b800000, 0x000000060bc00000|  0%| F|  |TAMS 0x000000060b800000, 0x000000060b800000| Untracked 
|  30|0x000000060bc00000, 0x000000060bc00000, 0x000000060c000000|  0%| F|  |TAMS 0x000000060bc00000, 0x000000060bc00000| Untracked 
|  31|0x000000060c000000, 0x000000060c000000, 0x000000060c400000|  0%| F|  |TAMS 0x000000060c000000, 0x000000060c000000| Untracked 
|  32|0x000000060c400000, 0x000000060c400000, 0x000000060c800000|  0%| F|  |TAMS 0x000000060c400000, 0x000000060c400000| Untracked 
|  33|0x000000060c800000, 0x000000060c800000, 0x000000060cc00000|  0%| F|  |TAMS 0x000000060c800000, 0x000000060c800000| Untracked 
|  34|0x000000060cc00000, 0x000000060cc00000, 0x000000060d000000|  0%| F|  |TAMS 0x000000060cc00000, 0x000000060cc00000| Untracked 
|  35|0x000000060d000000, 0x000000060d000000, 0x000000060d400000|  0%| F|  |TAMS 0x000000060d000000, 0x000000060d000000| Untracked 
|  36|0x000000060d400000, 0x000000060d400000, 0x000000060d800000|  0%| F|  |TAMS 0x000000060d400000, 0x000000060d400000| Untracked 
|  37|0x000000060d800000, 0x000000060d800000, 0x000000060dc00000|  0%| F|  |TAMS 0x000000060d800000, 0x000000060d800000| Untracked 
|  38|0x000000060dc00000, 0x000000060dc00000, 0x000000060e000000|  0%| F|  |TAMS 0x000000060dc00000, 0x000000060dc00000| Untracked 
|  39|0x000000060e000000, 0x000000060e000000, 0x000000060e400000|  0%| F|  |TAMS 0x000000060e000000, 0x000000060e000000| Untracked 
|  40|0x000000060e400000, 0x000000060e400000, 0x000000060e800000|  0%| F|  |TAMS 0x000000060e400000, 0x000000060e400000| Untracked 
|  41|0x000000060e800000, 0x000000060e800000, 0x000000060ec00000|  0%| F|  |TAMS 0x000000060e800000, 0x000000060e800000| Untracked 
|  42|0x000000060ec00000, 0x000000060ec00000, 0x000000060f000000|  0%| F|  |TAMS 0x000000060ec00000, 0x000000060ec00000| Untracked 
|  43|0x000000060f000000, 0x000000060f000000, 0x000000060f400000|  0%| F|  |TAMS 0x000000060f000000, 0x000000060f000000| Untracked 
|  44|0x000000060f400000, 0x000000060f400000, 0x000000060f800000|  0%| F|  |TAMS 0x000000060f400000, 0x000000060f400000| Untracked 
|  45|0x000000060f800000, 0x000000060f800000, 0x000000060fc00000|  0%| F|  |TAMS 0x000000060f800000, 0x000000060f800000| Untracked 
|  46|0x000000060fc00000, 0x000000060fc00000, 0x0000000610000000|  0%| F|  |TAMS 0x000000060fc00000, 0x000000060fc00000| Untracked 
|  47|0x0000000610000000, 0x0000000610000000, 0x0000000610400000|  0%| F|  |TAMS 0x0000000610000000, 0x0000000610000000| Untracked 
|  48|0x0000000610400000, 0x0000000610400000, 0x0000000610800000|  0%| F|  |TAMS 0x0000000610400000, 0x0000000610400000| Untracked 
|  49|0x0000000610800000, 0x0000000610800000, 0x0000000610c00000|  0%| F|  |TAMS 0x0000000610800000, 0x0000000610800000| Untracked 
|  50|0x0000000610c00000, 0x0000000610c00000, 0x0000000611000000|  0%| F|  |TAMS 0x0000000610c00000, 0x0000000610c00000| Untracked 
|  51|0x0000000611000000, 0x0000000611000000, 0x0000000611400000|  0%| F|  |TAMS 0x0000000611000000, 0x0000000611000000| Untracked 
|  52|0x0000000611400000, 0x0000000611400000, 0x0000000611800000|  0%| F|  |TAMS 0x0000000611400000, 0x0000000611400000| Untracked 
|  53|0x0000000611800000, 0x0000000611800000, 0x0000000611c00000|  0%| F|  |TAMS 0x0000000611800000, 0x0000000611800000| Untracked 
|  54|0x0000000611c00000, 0x0000000611c00000, 0x0000000612000000|  0%| F|  |TAMS 0x0000000611c00000, 0x0000000611c00000| Untracked 
|  55|0x0000000612000000, 0x0000000612000000, 0x0000000612400000|  0%| F|  |TAMS 0x0000000612000000, 0x0000000612000000| Untracked 
|  56|0x0000000612400000, 0x0000000612400000, 0x0000000612800000|  0%| F|  |TAMS 0x0000000612400000, 0x0000000612400000| Untracked 
|  57|0x0000000612800000, 0x0000000612800000, 0x0000000612c00000|  0%| F|  |TAMS 0x0000000612800000, 0x0000000612800000| Untracked 
|  58|0x0000000612c00000, 0x0000000612c00000, 0x0000000613000000|  0%| F|  |TAMS 0x0000000612c00000, 0x0000000612c00000| Untracked 
|  59|0x0000000613000000, 0x0000000613000000, 0x0000000613400000|  0%| F|  |TAMS 0x0000000613000000, 0x0000000613000000| Untracked 
|  60|0x0000000613400000, 0x0000000613400000, 0x0000000613800000|  0%| F|  |TAMS 0x0000000613400000, 0x0000000613400000| Untracked 
|  61|0x0000000613800000, 0x0000000613800000, 0x0000000613c00000|  0%| F|  |TAMS 0x0000000613800000, 0x0000000613800000| Untracked 
|  62|0x0000000613c00000, 0x0000000613c00000, 0x0000000614000000|  0%| F|  |TAMS 0x0000000613c00000, 0x0000000613c00000| Untracked 
|  63|0x0000000614000000, 0x0000000614000000, 0x0000000614400000|  0%| F|  |TAMS 0x0000000614000000, 0x0000000614000000| Untracked 
|  64|0x0000000614400000, 0x0000000614400000, 0x0000000614800000|  0%| F|  |TAMS 0x0000000614400000, 0x0000000614400000| Untracked 
|  65|0x0000000614800000, 0x0000000614800000, 0x0000000614c00000|  0%| F|  |TAMS 0x0000000614800000, 0x0000000614800000| Untracked 
|  66|0x0000000614c00000, 0x0000000614c00000, 0x0000000615000000|  0%| F|  |TAMS 0x0000000614c00000, 0x0000000614c00000| Untracked 
|  67|0x0000000615000000, 0x0000000615000000, 0x0000000615400000|  0%| F|  |TAMS 0x0000000615000000, 0x0000000615000000| Untracked 
|  68|0x0000000615400000, 0x0000000615400000, 0x0000000615800000|  0%| F|  |TAMS 0x0000000615400000, 0x0000000615400000| Untracked 
|  69|0x0000000615800000, 0x0000000615800000, 0x0000000615c00000|  0%| F|  |TAMS 0x0000000615800000, 0x0000000615800000| Untracked 
|  70|0x0000000615c00000, 0x0000000615c00000, 0x0000000616000000|  0%| F|  |TAMS 0x0000000615c00000, 0x0000000615c00000| Untracked 
|  71|0x0000000616000000, 0x0000000616000000, 0x0000000616400000|  0%| F|  |TAMS 0x0000000616000000, 0x0000000616000000| Untracked 
|  72|0x0000000616400000, 0x0000000616400000, 0x0000000616800000|  0%| F|  |TAMS 0x0000000616400000, 0x0000000616400000| Untracked 
|  73|0x0000000616800000, 0x0000000616800000, 0x0000000616c00000|  0%| F|  |TAMS 0x0000000616800000, 0x0000000616800000| Untracked 
|  74|0x0000000616c00000, 0x0000000616c00000, 0x0000000617000000|  0%| F|  |TAMS 0x0000000616c00000, 0x0000000616c00000| Untracked 
|  75|0x0000000617000000, 0x0000000617000000, 0x0000000617400000|  0%| F|  |TAMS 0x0000000617000000, 0x0000000617000000| Untracked 
|  76|0x0000000617400000, 0x0000000617400000, 0x0000000617800000|  0%| F|  |TAMS 0x0000000617400000, 0x0000000617400000| Untracked 
|  77|0x0000000617800000, 0x0000000617800000, 0x0000000617c00000|  0%| F|  |TAMS 0x0000000617800000, 0x0000000617800000| Untracked 
|  78|0x0000000617c00000, 0x0000000617c00000, 0x0000000618000000|  0%| F|  |TAMS 0x0000000617c00000, 0x0000000617c00000| Untracked 
|  79|0x0000000618000000, 0x0000000618000000, 0x0000000618400000|  0%| F|  |TAMS 0x0000000618000000, 0x0000000618000000| Untracked 
|  80|0x0000000618400000, 0x0000000618400000, 0x0000000618800000|  0%| F|  |TAMS 0x0000000618400000, 0x0000000618400000| Untracked 
|  81|0x0000000618800000, 0x0000000618800000, 0x0000000618c00000|  0%| F|  |TAMS 0x0000000618800000, 0x0000000618800000| Untracked 
|  82|0x0000000618c00000, 0x0000000618c00000, 0x0000000619000000|  0%| F|  |TAMS 0x0000000618c00000, 0x0000000618c00000| Untracked 
|  83|0x0000000619000000, 0x0000000619000000, 0x0000000619400000|  0%| F|  |TAMS 0x0000000619000000, 0x0000000619000000| Untracked 
|  84|0x0000000619400000, 0x0000000619400000, 0x0000000619800000|  0%| F|  |TAMS 0x0000000619400000, 0x0000000619400000| Untracked 
|  85|0x0000000619800000, 0x0000000619800000, 0x0000000619c00000|  0%| F|  |TAMS 0x0000000619800000, 0x0000000619800000| Untracked 
|  86|0x0000000619c00000, 0x0000000619c00000, 0x000000061a000000|  0%| F|  |TAMS 0x0000000619c00000, 0x0000000619c00000| Untracked 
|  87|0x000000061a000000, 0x000000061a000000, 0x000000061a400000|  0%| F|  |TAMS 0x000000061a000000, 0x000000061a000000| Untracked 
|  88|0x000000061a400000, 0x000000061a400000, 0x000000061a800000|  0%| F|  |TAMS 0x000000061a400000, 0x000000061a400000| Untracked 
|  89|0x000000061a800000, 0x000000061a800000, 0x000000061ac00000|  0%| F|  |TAMS 0x000000061a800000, 0x000000061a800000| Untracked 
|  90|0x000000061ac00000, 0x000000061ac00000, 0x000000061b000000|  0%| F|  |TAMS 0x000000061ac00000, 0x000000061ac00000| Untracked 
|  91|0x000000061b000000, 0x000000061b000000, 0x000000061b400000|  0%| F|  |TAMS 0x000000061b000000, 0x000000061b000000| Untracked 
|  92|0x000000061b400000, 0x000000061b400000, 0x000000061b800000|  0%| F|  |TAMS 0x000000061b400000, 0x000000061b400000| Untracked 
|  93|0x000000061b800000, 0x000000061b800000, 0x000000061bc00000|  0%| F|  |TAMS 0x000000061b800000, 0x000000061b800000| Untracked 
|  94|0x000000061bc00000, 0x000000061bc00000, 0x000000061c000000|  0%| F|  |TAMS 0x000000061bc00000, 0x000000061bc00000| Untracked 
|  95|0x000000061c000000, 0x000000061c000000, 0x000000061c400000|  0%| F|  |TAMS 0x000000061c000000, 0x000000061c000000| Untracked 
|  96|0x000000061c400000, 0x000000061c400000, 0x000000061c800000|  0%| F|  |TAMS 0x000000061c400000, 0x000000061c400000| Untracked 
|  97|0x000000061c800000, 0x000000061c800000, 0x000000061cc00000|  0%| F|  |TAMS 0x000000061c800000, 0x000000061c800000| Untracked 
|  98|0x000000061cc00000, 0x000000061cc00000, 0x000000061d000000|  0%| F|  |TAMS 0x000000061cc00000, 0x000000061cc00000| Untracked 
|  99|0x000000061d000000, 0x000000061d000000, 0x000000061d400000|  0%| F|  |TAMS 0x000000061d000000, 0x000000061d000000| Untracked 
| 100|0x000000061d400000, 0x000000061d400000, 0x000000061d800000|  0%| F|  |TAMS 0x000000061d400000, 0x000000061d400000| Untracked 
| 101|0x000000061d800000, 0x000000061d800000, 0x000000061dc00000|  0%| F|  |TAMS 0x000000061d800000, 0x000000061d800000| Untracked 
| 102|0x000000061dc00000, 0x000000061dc00000, 0x000000061e000000|  0%| F|  |TAMS 0x000000061dc00000, 0x000000061dc00000| Untracked 
| 103|0x000000061e000000, 0x000000061e000000, 0x000000061e400000|  0%| F|  |TAMS 0x000000061e000000, 0x000000061e000000| Untracked 
| 104|0x000000061e400000, 0x000000061e400000, 0x000000061e800000|  0%| F|  |TAMS 0x000000061e400000, 0x000000061e400000| Untracked 
| 105|0x000000061e800000, 0x000000061e800000, 0x000000061ec00000|  0%| F|  |TAMS 0x000000061e800000, 0x000000061e800000| Untracked 
| 106|0x000000061ec00000, 0x000000061ec00000, 0x000000061f000000|  0%| F|  |TAMS 0x000000061ec00000, 0x000000061ec00000| Untracked 
| 107|0x000000061f000000, 0x000000061f000000, 0x000000061f400000|  0%| F|  |TAMS 0x000000061f000000, 0x000000061f000000| Untracked 
| 108|0x000000061f400000, 0x000000061f400000, 0x000000061f800000|  0%| F|  |TAMS 0x000000061f400000, 0x000000061f400000| Untracked 
| 109|0x000000061f800000, 0x000000061f800000, 0x000000061fc00000|  0%| F|  |TAMS 0x000000061f800000, 0x000000061f800000| Untracked 
| 110|0x000000061fc00000, 0x000000061fc00000, 0x0000000620000000|  0%| F|  |TAMS 0x000000061fc00000, 0x000000061fc00000| Untracked 
| 111|0x0000000620000000, 0x0000000620000000, 0x0000000620400000|  0%| F|  |TAMS 0x0000000620000000, 0x0000000620000000| Untracked 
| 112|0x0000000620400000, 0x0000000620400000, 0x0000000620800000|  0%| F|  |TAMS 0x0000000620400000, 0x0000000620400000| Untracked 
| 113|0x0000000620800000, 0x0000000620800000, 0x0000000620c00000|  0%| F|  |TAMS 0x0000000620800000, 0x0000000620800000| Untracked 
| 114|0x0000000620c00000, 0x0000000620c00000, 0x0000000621000000|  0%| F|  |TAMS 0x0000000620c00000, 0x0000000620c00000| Untracked 
| 115|0x0000000621000000, 0x0000000621000000, 0x0000000621400000|  0%| F|  |TAMS 0x0000000621000000, 0x0000000621000000| Untracked 
| 116|0x0000000621400000, 0x0000000621400000, 0x0000000621800000|  0%| F|  |TAMS 0x0000000621400000, 0x0000000621400000| Untracked 
| 117|0x0000000621800000, 0x0000000621800000, 0x0000000621c00000|  0%| F|  |TAMS 0x0000000621800000, 0x0000000621800000| Untracked 
| 118|0x0000000621c00000, 0x0000000621c00000, 0x0000000622000000|  0%| F|  |TAMS 0x0000000621c00000, 0x0000000621c00000| Untracked 
| 119|0x0000000622000000, 0x0000000622000000, 0x0000000622400000|  0%| F|  |TAMS 0x0000000622000000, 0x0000000622000000| Untracked 
| 120|0x0000000622400000, 0x0000000622400000, 0x0000000622800000|  0%| F|  |TAMS 0x0000000622400000, 0x0000000622400000| Untracked 
| 121|0x0000000622800000, 0x0000000622800000, 0x0000000622c00000|  0%| F|  |TAMS 0x0000000622800000, 0x0000000622800000| Untracked 
| 122|0x0000000622c00000, 0x0000000622ceacb0, 0x0000000623000000| 22%| E|  |TAMS 0x0000000622c00000, 0x0000000622c00000| Complete 
| 123|0x0000000623000000, 0x00000006233707b8, 0x0000000623400000| 85%| E|  |TAMS 0x0000000623000000, 0x0000000623000000| Complete 
| 124|0x0000000623400000, 0x0000000623800000, 0x0000000623800000|100%| E|CS|TAMS 0x0000000623400000, 0x0000000623400000| Complete 
| 125|0x0000000623800000, 0x0000000623c00000, 0x0000000623c00000|100%| E|CS|TAMS 0x0000000623800000, 0x0000000623800000| Complete 
| 126|0x0000000623c00000, 0x0000000624000000, 0x0000000624000000|100%| E|CS|TAMS 0x0000000623c00000, 0x0000000623c00000| Complete 

Card table byte_map: [0x00000225f32c0000,0x00000225f42a0000] _byte_map_base: 0x00000225f029e000

Marking Bits (Prev, Next): (CMBitMap*) 0x00000225df43be10, (CMBitMap*) 0x00000225df43be50
 Prev Bits: [0x00000225f5280000, 0x00000225fd170000)
 Next Bits: [0x0000022580000000, 0x0000022587ef0000)

Polling page: 0x00000225deb70000

Metaspace:

Usage:
  Non-class:     10.58 MB used.
      Class:    842.22 KB used.
       Both:     11.40 MB used.

Virtual space:
  Non-class space:       16.00 MB reserved,      10.62 MB ( 66%) committed,  2 nodes.
      Class space:        1.00 GB reserved,     896.00 KB ( <1%) committed,  1 nodes.
             Both:        1.02 GB reserved,      11.50 MB (  1%) committed. 

Chunk freelists:
   Non-Class:  1.39 MB
       Class:  3.09 MB
        Both:  4.48 MB

MaxMetaspaceSize: unlimited
CompressedClassSpaceSize: 1.00 GB
Initial GC threshold: 21.00 MB
Current GC threshold: 21.00 MB
CDS: off
MetaspaceReclaimPolicy: balanced
 - commit_granule_bytes: 65536.
 - commit_granule_words: 8192.
 - virtual_space_node_default_size: 1048576.
 - enlarge_chunks_in_place: 1.
 - new_chunks_are_fully_committed: 0.
 - uncommit_free_chunks: 1.
 - use_allocation_guard: 0.
 - handle_deallocations: 1.


Internal statistics:

num_allocs_failed_limit: 0.
num_arena_births: 50.
num_arena_deaths: 0.
num_vsnodes_births: 3.
num_vsnodes_deaths: 0.
num_space_committed: 182.
num_space_uncommitted: 0.
num_chunks_returned_to_freelist: 0.
num_chunks_taken_from_freelist: 195.
num_chunk_merges: 0.
num_chunk_splits: 142.
num_chunks_enlarged: 117.
num_purges: 0.
num_inconsistent_stats: 0.

CodeHeap 'non-profiled nmethods': size=119168Kb used=218Kb max_used=218Kb free=118949Kb
 bounds [0x00000225ea600000, 0x00000225ea870000, 0x00000225f1a60000]
CodeHeap 'profiled nmethods': size=119104Kb used=1471Kb max_used=1471Kb free=117632Kb
 bounds [0x00000225e2a60000, 0x00000225e2cd0000, 0x00000225e9eb0000]
CodeHeap 'non-nmethods': size=7488Kb used=2685Kb max_used=2700Kb free=4802Kb
 bounds [0x00000225e9eb0000, 0x00000225ea160000, 0x00000225ea600000]
 total_blobs=1777 nmethods=815 adapters=873
 compilation: enabled
              stopped_count=0, restarted_count=0
 full_count=0

Compilation events (20 events):
Event: 0.379 Thread 0x00000225883c5830  806       3       java.security.SecureClassLoader$CodeSourceKey::equals (60 bytes)
Event: 0.379 Thread 0x0000022588272cf0  807       3       java.security.CodeSource::matchCerts (254 bytes)
Event: 0.380 Thread 0x00000225883c5830 nmethod 806 0x00000225e2bc5e90 code [0x00000225e2bc6080, 0x00000225e2bc6718]
Event: 0.380 Thread 0x0000022588272cf0 nmethod 807 0x00000225e2bc6910 code [0x00000225e2bc6b80, 0x00000225e2bc7758]
Event: 0.383 Thread 0x0000022588272cf0  808   !   3       java.nio.DirectByteBuffer::put (36 bytes)
Event: 0.383 Thread 0x00000225883e37e0  809       3       java.nio.Buffer::nextPutIndex (30 bytes)
Event: 0.383 Thread 0x00000225883c5830  810   !   3       jdk.internal.misc.ScopedMemoryAccess::putByte (25 bytes)
Event: 0.383 Thread 0x00000225883e37e0 nmethod 809 0x00000225e2bc7b10 code [0x00000225e2bc7cc0, 0x00000225e2bc7ee8]
Event: 0.383 Thread 0x00000225883e37e0  811   !   3       jdk.internal.misc.ScopedMemoryAccess::putByteInternal (37 bytes)
Event: 0.383 Thread 0x00000225883c5830 nmethod 810 0x00000225e2bc8010 code [0x00000225e2bc8200, 0x00000225e2bc8758]
Event: 0.383 Thread 0x0000022588272cf0 nmethod 808 0x00000225e2bc8990 code [0x00000225e2bc8c00, 0x00000225e2bc9668]
Event: 0.384 Thread 0x0000022588250620  812   !   4       java.nio.DirectByteBuffer::put (36 bytes)
Event: 0.384 Thread 0x00000225883e37e0 nmethod 811 0x00000225e2bc9b90 code [0x00000225e2bc9d40, 0x00000225e2bca068]
Event: 0.384 Thread 0x0000022588250620 nmethod 812 0x00000225ea635b90 code [0x00000225ea635d00, 0x00000225ea635dd8]
Event: 0.388 Thread 0x00000225883c5830  813 % !   3       jschimera.loc.render.data.dao.TextureFontDao::read @ 50 (259 bytes)
Event: 0.389 Thread 0x00000225883c5830 nmethod 813% 0x00000225e2bca210 code [0x00000225e2bca640, 0x00000225e2bcc188]
Event: 0.389 Thread 0x0000022588272cf0  814   !   3       jschimera.loc.render.data.dao.TextureFontDao::read (259 bytes)
Event: 0.390 Thread 0x0000022588272cf0 nmethod 814 0x00000225e2bcd090 code [0x00000225e2bcd4c0, 0x00000225e2bcef08]
Event: 0.390 Thread 0x0000022588250620  815 % !   4       jschimera.loc.render.data.dao.TextureFontDao::read @ 50 (259 bytes)
Event: 0.395 Thread 0x0000022588250620 nmethod 815% 0x00000225ea635f10 code [0x00000225ea6360a0, 0x00000225ea6366b8]

GC Heap History (0 events):
No events

Dll operation events (8 events):
Event: 0.005 Loaded shared library C:\Users\p10388387\.p2\pool\plugins\org.eclipse.justj.openjdk.hotspot.jre.full.win32.x86_64_17.0.6.v20230204-1729\jre\bin\java.dll
Event: 0.077 Loaded shared library C:\Users\p10388387\.p2\pool\plugins\org.eclipse.justj.openjdk.hotspot.jre.full.win32.x86_64_17.0.6.v20230204-1729\jre\bin\net.dll
Event: 0.078 Loaded shared library C:\Users\p10388387\.p2\pool\plugins\org.eclipse.justj.openjdk.hotspot.jre.full.win32.x86_64_17.0.6.v20230204-1729\jre\bin\nio.dll
Event: 0.082 Loaded shared library C:\Users\p10388387\.p2\pool\plugins\org.eclipse.justj.openjdk.hotspot.jre.full.win32.x86_64_17.0.6.v20230204-1729\jre\bin\zip.dll
Event: 0.097 Loaded shared library C:\Users\p10388387\.p2\pool\plugins\org.eclipse.justj.openjdk.hotspot.jre.full.win32.x86_64_17.0.6.v20230204-1729\jre\bin\verify.dll
Event: 0.146 Loaded shared library C:\Users\p10388387\.p2\pool\plugins\org.eclipse.justj.openjdk.hotspot.jre.full.win32.x86_64_17.0.6.v20230204-1729\jre\bin\jimage.dll
Event: 0.161 Loaded shared library C:\Users\p10388387\AppData\Local\Temp\lwjglP10388387\3.2.3-build-13\lwjgl.dll
Event: 0.261 Loaded shared library C:\Users\p10388387\AppData\Local\Temp\lwjglP10388387\3.2.3-build-13\lwjgl_opengl.dll

Deoptimization events (20 events):
Event: 0.151 Thread 0x00000225df3cd8c0 Uncommon trap: trap_request=0xffffff45 fr.pc=0x00000225ea606c64 relative=0x0000000000000064
Event: 0.151 Thread 0x00000225df3cd8c0 Uncommon trap: reason=unstable_if action=reinterpret pc=0x00000225ea606c64 method=java.io.WinNTFileSystem.isSlash(C)Z @ 9 c2
Event: 0.151 Thread 0x00000225df3cd8c0 DEOPT PACKING pc=0x00000225ea606c64 sp=0x0000009da77fa920
Event: 0.151 Thread 0x00000225df3cd8c0 DEOPT UNPACKING pc=0x00000225e9f0a1a3 sp=0x0000009da77fa8a8 mode 2
Event: 0.280 Thread 0x00000225df3cd8c0 Uncommon trap: trap_request=0xffffff54 fr.pc=0x00000225ea625de0 relative=0x0000000000000060
Event: 0.280 Thread 0x00000225df3cd8c0 Uncommon trap: reason=speculate_null_assert action=make_not_entrant pc=0x00000225ea625de0 method=sun.misc.Unsafe.putLong(Ljava/lang/Object;JJ)V @ 7 c2
Event: 0.280 Thread 0x00000225df3cd8c0 DEOPT PACKING pc=0x00000225ea625de0 sp=0x0000009da77feb20
Event: 0.280 Thread 0x00000225df3cd8c0 DEOPT UNPACKING pc=0x00000225e9f0a1a3 sp=0x0000009da77fea98 mode 2
Event: 0.307 Thread 0x00000225df3cd8c0 DEOPT PACKING pc=0x00000225e2a987e5 sp=0x0000009da77fd590
Event: 0.307 Thread 0x00000225df3cd8c0 DEOPT UNPACKING pc=0x00000225e9f0ace3 sp=0x0000009da77fc9e0 mode 0
Event: 0.371 Thread 0x00000225df3cd8c0 Uncommon trap: trap_request=0xffffff45 fr.pc=0x00000225ea62bfbc relative=0x000000000000041c
Event: 0.371 Thread 0x00000225df3cd8c0 Uncommon trap: reason=unstable_if action=reinterpret pc=0x00000225ea62bfbc method=java.lang.StringLatin1.newString([BII)Ljava/lang/String; @ 1 c2
Event: 0.371 Thread 0x00000225df3cd8c0 DEOPT PACKING pc=0x00000225ea62bfbc sp=0x0000009da77fe740
Event: 0.371 Thread 0x00000225df3cd8c0 DEOPT UNPACKING pc=0x00000225e9f0a1a3 sp=0x0000009da77fe708 mode 2
Event: 0.395 Thread 0x00000225df3cd8c0 DEOPT PACKING pc=0x00000225e2bcbe2b sp=0x0000009da77fe680
Event: 0.395 Thread 0x00000225df3cd8c0 DEOPT UNPACKING pc=0x00000225e9f0ace3 sp=0x0000009da77fdbe0 mode 0
Event: 0.396 Thread 0x00000225df3cd8c0 Uncommon trap: trap_request=0xffffff45 fr.pc=0x00000225ea636614 relative=0x0000000000000574
Event: 0.396 Thread 0x00000225df3cd8c0 Uncommon trap: reason=unstable_if action=reinterpret pc=0x00000225ea636614 method=jschimera.loc.render.data.dao.TextureFontDao.read(Ljava/lang/String;)Ljschimera/loc/asset/domain/TextureDetails; @ 105 c2
Event: 0.396 Thread 0x00000225df3cd8c0 DEOPT PACKING pc=0x00000225ea636614 sp=0x0000009da77fe740
Event: 0.396 Thread 0x00000225df3cd8c0 DEOPT UNPACKING pc=0x00000225e9f0a1a3 sp=0x0000009da77fe6f0 mode 2

Classes unloaded (0 events):
No events

Classes redefined (0 events):
No events

Internal exceptions (16 events):
Event: 0.106 Thread 0x00000225df3cd8c0 Exception <a 'java/lang/NoSuchMethodError'{0x0000000623fe5cc8}: 'int java.lang.invoke.DirectMethodHandle$Holder.invokeSpecial(java.lang.Object, java.lang.Object, java.lang.Object)'> (0x0000000623fe5cc8) 
thrown [s\src\hotspot\share\interpreter\linkResolver.cpp, line 759]
Event: 0.115 Thread 0x00000225df3cd8c0 Exception <a 'java/lang/NoSuchMethodError'{0x00000006238118b0}: 'void java.lang.invoke.DirectMethodHandle$Holder.invokeStaticInit(java.lang.Object, long, int, int, int, int)'> (0x00000006238118b0) 
thrown [s\src\hotspot\share\interpreter\linkResolver.cpp, line 759]
Event: 0.131 Thread 0x00000225df3cd8c0 Exception <a 'java/lang/NoSuchMethodError'{0x00000006238f5108}: 'java.lang.Object java.lang.invoke.DirectMethodHandle$Holder.invokeStaticInit(java.lang.Object)'> (0x00000006238f5108) 
thrown [s\src\hotspot\share\interpreter\linkResolver.cpp, line 759]
Event: 0.138 Thread 0x00000225df3cd8c0 Exception <a 'java/lang/NoSuchMethodError'{0x0000000623952510}: 'void java.lang.invoke.DirectMethodHandle$Holder.invokeStatic(java.lang.Object, java.lang.Object)'> (0x0000000623952510) 
thrown [s\src\hotspot\share\interpreter\linkResolver.cpp, line 759]
Event: 0.138 Thread 0x00000225df3cd8c0 Exception <a 'java/lang/NoSuchMethodError'{0x0000000623957948}: 'void java.lang.invoke.DirectMethodHandle$Holder.invokeSpecial(java.lang.Object, java.lang.Object, java.lang.Object)'> (0x0000000623957948) 
thrown [s\src\hotspot\share\interpreter\linkResolver.cpp, line 759]
Event: 0.140 Thread 0x00000225df3cd8c0 Exception <a 'java/lang/NoSuchMethodError'{0x000000062396a570}: 'java.lang.Object java.lang.invoke.DirectMethodHandle$Holder.invokeStatic(java.lang.Object, java.lang.Object, int)'> (0x000000062396a570) 
thrown [s\src\hotspot\share\interpreter\linkResolver.cpp, line 759]
Event: 0.141 Thread 0x00000225df3cd8c0 Exception <a 'java/lang/NoSuchMethodError'{0x0000000623976348}: 'void java.lang.invoke.DelegatingMethodHandle$Holder.delegate(java.lang.Object, java.lang.Object, int, java.lang.Object)'> (0x0000000623976348) 
thrown [s\src\hotspot\share\interpreter\linkResolver.cpp, line 759]
Event: 0.164 Thread 0x00000225df3cd8c0 Exception <a 'sun/nio/fs/WindowsException'{0x00000006239ffe08}> (0x00000006239ffe08) 
thrown [s\src\hotspot\share\prims\jni.cpp, line 516]
Event: 0.164 Thread 0x00000225df3cd8c0 Exception <a 'sun/nio/fs/WindowsException'{0x0000000623a00388}> (0x0000000623a00388) 
thrown [s\src\hotspot\share\prims\jni.cpp, line 516]
Event: 0.178 Thread 0x00000225df3cd8c0 Exception <a 'sun/nio/fs/WindowsException'{0x0000000623aba0a0}> (0x0000000623aba0a0) 
thrown [s\src\hotspot\share\prims\jni.cpp, line 516]
Event: 0.178 Thread 0x00000225df3cd8c0 Exception <a 'sun/nio/fs/WindowsException'{0x0000000623aba430}> (0x0000000623aba430) 
thrown [s\src\hotspot\share\prims\jni.cpp, line 516]
Event: 0.261 Thread 0x00000225df3cd8c0 Exception <a 'sun/nio/fs/WindowsException'{0x0000000623b3d350}> (0x0000000623b3d350) 
thrown [s\src\hotspot\share\prims\jni.cpp, line 516]
Event: 0.261 Thread 0x00000225df3cd8c0 Exception <a 'sun/nio/fs/WindowsException'{0x0000000623b3d728}> (0x0000000623b3d728) 
thrown [s\src\hotspot\share\prims\jni.cpp, line 516]
Event: 0.263 Thread 0x00000225df3cd8c0 Exception <a 'sun/nio/fs/WindowsException'{0x0000000623b45a08}> (0x0000000623b45a08) 
thrown [s\src\hotspot\share\prims\jni.cpp, line 516]
Event: 0.263 Thread 0x00000225df3cd8c0 Exception <a 'sun/nio/fs/WindowsException'{0x0000000623b45d18}> (0x0000000623b45d18) 
thrown [s\src\hotspot\share\prims\jni.cpp, line 516]
Event: 0.367 Thread 0x00000225df3cd8c0 Exception <a 'java/lang/NoSuchMethodError'{0x00000006232b2f90}: 'java.lang.Object java.lang.invoke.DirectMethodHandle$Holder.invokeInterface(java.lang.Object, java.lang.Object)'> (0x00000006232b2f90) 
thrown [s\src\hotspot\share\interpreter\linkResolver.cpp, line 759]

VM Operations (6 events):
Event: 0.085 Executing VM operation: HandshakeAllThreads
Event: 0.085 Executing VM operation: HandshakeAllThreads done
Event: 0.151 Executing VM operation: HandshakeAllThreads
Event: 0.151 Executing VM operation: HandshakeAllThreads done
Event: 0.268 Executing VM operation: HandshakeAllThreads
Event: 0.268 Executing VM operation: HandshakeAllThreads done

Events (20 events):
Event: 0.372 loading class java/util/concurrent/ConcurrentHashMap$EntryIterator
Event: 0.372 loading class java/util/concurrent/ConcurrentHashMap$EntryIterator done
Event: 0.372 loading class java/util/concurrent/ConcurrentHashMap$MapEntry
Event: 0.372 loading class java/util/concurrent/ConcurrentHashMap$MapEntry done
Event: 0.372 loading class java/util/ResourceBundle$BundleReference
Event: 0.372 loading class java/util/ResourceBundle$BundleReference done
Event: 0.373 loading class java/util/HashMap$KeySpliterator
Event: 0.373 loading class java/util/HashMap$HashMapSpliterator
Event: 0.373 loading class java/util/HashMap$HashMapSpliterator done
Event: 0.373 loading class java/util/HashMap$KeySpliterator done
Event: 0.373 loading class java/lang/invoke/DirectMethodHandle$Special
Event: 0.373 loading class java/lang/invoke/DirectMethodHandle$Special done
Event: 0.374 loading class java/lang/AssertionError
Event: 0.374 loading class java/lang/AssertionError done
Event: 0.375 loading class java/io/DataInputStream
Event: 0.375 loading class java/io/DataInputStream done
Event: 0.375 loading class java/util/regex/Pattern$GroupCurly
Event: 0.375 loading class java/util/regex/Pattern$GroupCurly done
Event: 0.375 loading class java/util/ArrayList$SubList
Event: 0.376 loading class java/util/ArrayList$SubList done


Dynamic libraries:
0x00007ff7c1250000 - 0x00007ff7c125e000 	C:\Users\p10388387\.p2\pool\plugins\org.eclipse.justj.openjdk.hotspot.jre.full.win32.x86_64_17.0.6.v20230204-1729\jre\bin\javaw.exe
0x00007ffed3e90000 - 0x00007ffed4088000 	C:\windows\SYSTEM32\ntdll.dll
0x00007ffed26f0000 - 0x00007ffed27ad000 	C:\windows\System32\KERNEL32.DLL
0x00007ffed1540000 - 0x00007ffed1836000 	C:\windows\System32\KERNELBASE.dll
0x00007ffed1a10000 - 0x00007ffed1b10000 	C:\windows\System32\ucrtbase.dll
0x00007ffec7510000 - 0x00007ffec7527000 	C:\Users\p10388387\.p2\pool\plugins\org.eclipse.justj.openjdk.hotspot.jre.full.win32.x86_64_17.0.6.v20230204-1729\jre\bin\jli.dll
0x00007ffec59d0000 - 0x00007ffec59e9000 	C:\Users\p10388387\.p2\pool\plugins\org.eclipse.justj.openjdk.hotspot.jre.full.win32.x86_64_17.0.6.v20230204-1729\jre\bin\VCRUNTIME140.dll
0x00007ffed28e0000 - 0x00007ffed2a7f000 	C:\windows\System32\USER32.dll
0x00007ffe90340000 - 0x00007ffe905da000 	C:\windows\WinSxS\amd64_microsoft.windows.common-controls_6595b64144ccf1df_6.0.19041.3636_none_60b6a03d71f818d5\COMCTL32.dll
0x00007ffed1840000 - 0x00007ffed1862000 	C:\windows\System32\win32u.dll
0x00007ffed2fc0000 - 0x00007ffed305e000 	C:\windows\System32\msvcrt.dll
0x00007ffed3060000 - 0x00007ffed308b000 	C:\windows\System32\GDI32.dll
0x00007ffed18a0000 - 0x00007ffed19b7000 	C:\windows\System32\gdi32full.dll
0x00007ffed1b10000 - 0x00007ffed1bad000 	C:\windows\System32\msvcp_win.dll
0x00007ffed2eb0000 - 0x00007ffed2ee2000 	C:\windows\System32\IMM32.DLL
0x0000000068000000 - 0x0000000068071000 	C:\windows\System32\QIPCAP64.dll
0x00007ffed25e0000 - 0x00007ffed2690000 	C:\windows\System32\ADVAPI32.dll
0x00007ffed2a80000 - 0x00007ffed2b20000 	C:\windows\System32\sechost.dll
0x00007ffed27b0000 - 0x00007ffed28d3000 	C:\windows\System32\RPCRT4.dll
0x00007ffed1870000 - 0x00007ffed1897000 	C:\windows\System32\bcrypt.dll
0x00007ffed36e0000 - 0x00007ffed3e4b000 	C:\windows\System32\SHELL32.dll
0x00007ffed09a0000 - 0x00007ffed0a6b000 	C:\windows\SYSTEM32\DNSAPI.dll
0x00007ffed0960000 - 0x00007ffed099b000 	C:\windows\SYSTEM32\IPHLPAPI.DLL
0x00007ffed2f50000 - 0x00007ffed2f58000 	C:\windows\System32\NSI.dll
0x00007ffeca180000 - 0x00007ffeca18c000 	C:\Users\p10388387\.p2\pool\plugins\org.eclipse.justj.openjdk.hotspot.jre.full.win32.x86_64_17.0.6.v20230204-1729\jre\bin\vcruntime140_1.dll
0x00007ffe81db0000 - 0x00007ffe81e41000 	C:\Users\p10388387\.p2\pool\plugins\org.eclipse.justj.openjdk.hotspot.jre.full.win32.x86_64_17.0.6.v20230204-1729\jre\bin\msvcp140.dll
0x00007ffe28b70000 - 0x00007ffe297b7000 	C:\Users\p10388387\.p2\pool\plugins\org.eclipse.justj.openjdk.hotspot.jre.full.win32.x86_64_17.0.6.v20230204-1729\jre\bin\server\jvm.dll
0x00007ffea6ae0000 - 0x00007ffea6ae9000 	C:\windows\SYSTEM32\WSOCK32.dll
0x00007ffec7880000 - 0x00007ffec788a000 	C:\windows\SYSTEM32\VERSION.dll
0x00007ffec6060000 - 0x00007ffec6087000 	C:\windows\SYSTEM32\WINMM.dll
0x00007ffed2bc0000 - 0x00007ffed2c2b000 	C:\windows\System32\WS2_32.dll
0x00007ffecfcb0000 - 0x00007ffecfcc2000 	C:\windows\SYSTEM32\kernel.appcore.dll
0x00007ffe59730000 - 0x00007ffe5973a000 	C:\Users\p10388387\.p2\pool\plugins\org.eclipse.justj.openjdk.hotspot.jre.full.win32.x86_64_17.0.6.v20230204-1729\jre\bin\jimage.dll
0x00007ffecf810000 - 0x00007ffecf9f4000 	C:\windows\SYSTEM32\DBGHELP.DLL
0x00007ffebc8f0000 - 0x00007ffebc924000 	C:\windows\SYSTEM32\dbgcore.DLL
0x00007ffed1bb0000 - 0x00007ffed1c32000 	C:\windows\System32\bcryptPrimitives.dll
0x00007ffe2a400000 - 0x00007ffe2a425000 	C:\Users\p10388387\.p2\pool\plugins\org.eclipse.justj.openjdk.hotspot.jre.full.win32.x86_64_17.0.6.v20230204-1729\jre\bin\java.dll
0x00007ffe59710000 - 0x00007ffe59728000 	C:\Users\p10388387\.p2\pool\plugins\org.eclipse.justj.openjdk.hotspot.jre.full.win32.x86_64_17.0.6.v20230204-1729\jre\bin\zip.dll
0x00007ffecf070000 - 0x00007ffecf80e000 	C:\windows\SYSTEM32\windows.storage.dll
0x00007ffed2270000 - 0x00007ffed25c3000 	C:\windows\System32\combase.dll
0x00007ffed0f70000 - 0x00007ffed0f9e000 	C:\windows\SYSTEM32\Wldp.dll
0x0000022588610000 - 0x00000225886dd000 	C:\windows\System32\OLEAUT32.dll
0x00007ffed3630000 - 0x00007ffed36dd000 	C:\windows\System32\SHCORE.dll
0x00000225886f0000 - 0x0000022588745000 	C:\windows\System32\shlwapi.dll
0x00007ffed1470000 - 0x00007ffed1493000 	C:\windows\SYSTEM32\profapi.dll
0x00007ffe2a3e0000 - 0x00007ffe2a3f9000 	C:\Users\p10388387\.p2\pool\plugins\org.eclipse.justj.openjdk.hotspot.jre.full.win32.x86_64_17.0.6.v20230204-1729\jre\bin\net.dll
0x00007ffec9300000 - 0x00007ffec940a000 	C:\windows\SYSTEM32\WINHTTP.dll
0x00007ffed0cd0000 - 0x00007ffed0d3a000 	C:\windows\system32\mswsock.dll
0x00007ffe2a2d0000 - 0x00007ffe2a2e5000 	C:\Users\p10388387\.p2\pool\plugins\org.eclipse.justj.openjdk.hotspot.jre.full.win32.x86_64_17.0.6.v20230204-1729\jre\bin\nio.dll
0x00007ffe46880000 - 0x00007ffe46890000 	C:\Users\p10388387\.p2\pool\plugins\org.eclipse.justj.openjdk.hotspot.jre.full.win32.x86_64_17.0.6.v20230204-1729\jre\bin\verify.dll
0x00007ffe81d40000 - 0x00007ffe81da4000 	C:\Users\p10388387\AppData\Local\Temp\lwjglP10388387\3.2.3-build-13\lwjgl.dll
0x00007ffe7f0a0000 - 0x00007ffe7f102000 	C:\Users\P10388~1\AppData\Local\Temp\lwjglP10388387\3.2.3-build-13\glfw.dll
0x00007ffecbe20000 - 0x00007ffecbebe000 	C:\windows\system32\uxtheme.dll
0x00007ffebae30000 - 0x00007ffebae75000 	C:\windows\SYSTEM32\dinput8.dll
0x00007ffebaec0000 - 0x00007ffebaed1000 	C:\windows\SYSTEM32\xinput1_4.dll
0x00007ffed19c0000 - 0x00007ffed1a0e000 	C:\windows\System32\cfgmgr32.dll
0x00007ffed1300000 - 0x00007ffed1333000 	C:\windows\SYSTEM32\DEVOBJ.dll
0x00007ffece960000 - 0x00007ffece98f000 	C:\windows\SYSTEM32\dwmapi.dll
0x00007ffe7e590000 - 0x00007ffe7e6e2000 	C:\windows\SYSTEM32\inputhost.dll
0x00007ffecbaa0000 - 0x00007ffecbb92000 	C:\windows\SYSTEM32\CoreMessaging.dll
0x00007ffeca3e0000 - 0x00007ffeca537000 	C:\windows\SYSTEM32\wintypes.dll
0x00007ffecfa00000 - 0x00007ffecfaf6000 	C:\windows\SYSTEM32\PROPSYS.dll
0x00007ffecb3c0000 - 0x00007ffecb71b000 	C:\windows\SYSTEM32\CoreUIComponents.dll
0x00007ffed0630000 - 0x00007ffed0663000 	C:\windows\SYSTEM32\ntmarta.dll
0x00007ffed1ec0000 - 0x00007ffed1fd5000 	C:\windows\System32\MSCTF.dll
0x00007ffecfb30000 - 0x00007ffecfb3d000 	C:\windows\SYSTEM32\HID.DLL
0x00007ffed3160000 - 0x00007ffed35ce000 	C:\windows\System32\SETUPAPI.DLL
0x00007ffed1cf0000 - 0x00007ffed1d57000 	C:\windows\System32\WINTRUST.dll
0x00007ffed1d60000 - 0x00007ffed1ebe000 	C:\windows\System32\CRYPT32.dll
0x00007ffed1100000 - 0x00007ffed1112000 	C:\windows\SYSTEM32\MSASN1.dll
0x00007ffe5fcb0000 - 0x00007ffe5fdd5000 	C:\windows\SYSTEM32\opengl32.dll
0x00007ffe5fbb0000 - 0x00007ffe5fbdc000 	C:\windows\SYSTEM32\GLU32.dll
0x00007ffed3090000 - 0x00007ffed3139000 	C:\windows\System32\clbcatq.dll
0x00007ffe3ceb0000 - 0x00007ffe3e075000 	C:\windows\System32\DriverStore\FileRepository\iigd_dch.inf_amd64_fbde2f4ce36c42df\igxelpicd64.dll
0x00007ffed2cb0000 - 0x00007ffed2ddb000 	C:\windows\System32\ole32.dll
0x00007ffecfcd0000 - 0x00007ffecfdc3000 	C:\windows\system32\dxgi.dll
0x00007ffe64ca0000 - 0x00007ffe64fd1000 	C:\windows\System32\DriverStore\FileRepository\iigd_dch.inf_amd64_fbde2f4ce36c42df\igdml64.dll
0x00007ffec0b70000 - 0x00007ffec0fad000 	C:\windows\System32\DriverStore\FileRepository\iigd_dch.inf_amd64_fbde2f4ce36c42df\igdgmm64.dll
0x00007ffebcaf0000 - 0x00007ffec0b65000 	C:\windows\System32\DriverStore\FileRepository\iigd_dch.inf_amd64_fbde2f4ce36c42df\igc64.dll
0x00007ffed0a80000 - 0x00007ffed0acb000 	C:\windows\SYSTEM32\powrprof.dll
0x00007ffed0940000 - 0x00007ffed0952000 	C:\windows\SYSTEM32\UMPDC.dll
0x00007ffe7f040000 - 0x00007ffe7f099000 	C:\Users\p10388387\AppData\Local\Temp\lwjglP10388387\3.2.3-build-13\lwjgl_opengl.dll
0x00007ffe905e0000 - 0x00007ffe906d9000 	C:\windows\SYSTEM32\textinputframework.dll

dbghelp: loaded successfully - version: 4.0.5 - missing functions: none
symbol engine: initialized successfully - sym options: 0x614 - pdb path: .;C:\Users\p10388387\.p2\pool\plugins\org.eclipse.justj.openjdk.hotspot.jre.full.win32.x86_64_17.0.6.v20230204-1729\jre\bin;C:\windows\SYSTEM32;C:\windows\WinSxS\amd64_microsoft.windows.common-controls_6595b64144ccf1df_6.0.19041.3636_none_60b6a03d71f818d5;C:\Users\p10388387\.p2\pool\plugins\org.eclipse.justj.openjdk.hotspot.jre.full.win32.x86_64_17.0.6.v20230204-1729\jre\bin\server;C:\Users\p10388387\AppData\Local\Temp\lwjglP10388387\3.2.3-build-13;C:\Users\P10388~1\AppData\Local\Temp\lwjglP10388387\3.2.3-build-13;C:\windows\System32\DriverStore\FileRepository\iigd_dch.inf_amd64_fbde2f4ce36c42df

VM Arguments:
jvm_args: -Dfile.encoding=UTF-8 -XX:+ShowCodeDetailsInExceptionMessages 
java_command: RenderEngine.Test
java_class_path (initial): C:\Users\p10388387\TrainingWorkspace\RenderEngine\lib\bin\main;C:\Users\p10388387\.gradle\caches\modules-2\files-2.1\org.apache.commons\commons-lang3\3.0\8873bd0bb5cb9ee37f1b04578eb7e26fcdd44cb0\commons-lang3-3.0.jar;C:\Users\p10388387\.gradle\caches\modules-2\files-2.1\org.jbox2d\jbox2d-library\2.2.1.1\4f21646d52bb51b56cbc3359c0f8fb223098ee04\jbox2d-library-2.2.1.1.jar;C:\Users\p10388387\.gradle\caches\modules-2\files-2.1\com.google.code.gson\gson\2.8.6\9180733b7df8542621dc12e21e87557e8c99b8cb\gson-2.8.6.jar;C:\Users\p10388387\.gradle\caches\modules-2\files-2.1\io.github.spair\imgui-java-app\1.81.0\37a0be053a63da53c3628b3d6186ccbd380f7106\imgui-java-app-1.81.0.jar;C:\Users\p10388387\.gradle\caches\modules-2\files-2.1\org.lwjgl\lwjgl-assimp\3.2.3\f62aa07a20afbdd3097efc296c4841e0d29700eb\lwjgl-assimp-3.2.3.jar;C:\Users\p10388387\.gradle\caches\modules-2\files-2.1\org.lwjgl\lwjgl-glfw\3.2.3\5e520d5c290c8b012545a8d34fa5db5ab051ea53\lwjgl-glfw-3.2.3.jar;C:\Users\p10388387\.gradle\caches\modules-2\files-2.1\org.lwjgl\lwjgl-glfw\3.2.3\62b044d9b0a057444bef2ab70b9afc288ec09dba\lwjgl-glfw-3.2.3-natives-linux.jar;C:\Users\p10388387\.gradle\caches\modules-2\files-2.1\org.lwjgl\lwjgl-glfw\3.2.3\b4d8a3477cdc2edcf7a5f1e822926be846223f54\lwjgl-glfw-3.2.3-natives-windows.jar;C:\Users\p10388387\.gradle\caches\modules-2\files-2.1\org.lwjgl\lwjgl-glfw\3.2.3\58661272eacb9116336c88b4aadccf1f17c09b\lwjgl-glfw-3.2.3-natives-macos.jar;C:\Users\p10388387\.gradle\caches\modules-2\files-2.1\org.lwjgl\lwjgl-nfd\3.2.3\c44fee1043c022cf6614a28872d44cf114ca7737\lwjgl-nfd-3.2.3.jar;C:\Users\p10388387\.gradle\caches\modules-2\files-2.1\org.lwjgl\lwjgl-openal\3.2.3\106742e805803ab9eab8e343f0fb31a3d263903c\lwjgl-openal-3.2.3.jar;C:\Users\p10388387\.gradle\caches\modules-2\files-2.1\org.lwjgl\lwjgl-opengl\3.2.3\bdd534a323d0c8f54969b95e424b6ac8984f7d6e\lwjgl-opengl-3.2.3.jar;C:\Users\p10388387\.gradle\caches\modules-2\files-2.1\org.lwjgl\lwjgl-opengl\3.2.3\7f14db5da9aa7951ef
Launcher Type: SUN_STANDARD

[Global flags]
     intx CICompilerCount                          = 12                                        {product} {ergonomic}
     uint ConcGCThreads                            = 3                                         {product} {ergonomic}
     uint G1ConcRefinementThreads                  = 13                                        {product} {ergonomic}
   size_t G1HeapRegionSize                         = 4194304                                   {product} {ergonomic}
    uintx GCDrainStackTargetSize                   = 64                                        {product} {ergonomic}
   size_t InitialHeapSize                          = 532676608                                 {product} {ergonomic}
   size_t MarkStackSize                            = 4194304                                   {product} {ergonomic}
   size_t MaxHeapSize                              = 8518631424                                {product} {ergonomic}
   size_t MaxNewSize                               = 5108662272                                {product} {ergonomic}
   size_t MinHeapDeltaBytes                        = 4194304                                   {product} {ergonomic}
   size_t MinHeapSize                              = 8388608                                   {product} {ergonomic}
    uintx NonNMethodCodeHeapSize                   = 7602480                                {pd product} {ergonomic}
    uintx NonProfiledCodeHeapSize                  = 122027880                              {pd product} {ergonomic}
    uintx ProfiledCodeHeapSize                     = 122027880                              {pd product} {ergonomic}
    uintx ReservedCodeCacheSize                    = 251658240                              {pd product} {ergonomic}
     bool SegmentedCodeCache                       = true                                      {product} {ergonomic}
     bool ShowCodeDetailsInExceptionMessages       = true                                   {manageable} {command line}
   size_t SoftMaxHeapSize                          = 8518631424                             {manageable} {ergonomic}
     bool UseCompressedClassPointers               = true                           {product lp64_product} {ergonomic}
     bool UseCompressedOops                        = true                           {product lp64_product} {ergonomic}
     bool UseG1GC                                  = true                                      {product} {ergonomic}
     bool UseLargePagesIndividualAllocation        = false                                  {pd product} {ergonomic}

Logging:
Log output configuration:
 #0: stdout all=warning uptime,level,tags
 #1: stderr all=off uptime,level,tags

Environment Variables:
JAVA_HOME=C:\Java\jdk1.8.0_361
PATH=C:/Users/p10388387/.p2/pool/plugins/org.eclipse.justj.openjdk.hotspot.jre.full.win32.x86_64_17.0.6.v20230204-1729/jre/bin/server;C:/Users/p10388387/.p2/pool/plugins/org.eclipse.justj.openjdk.hotspot.jre.full.win32.x86_64_17.0.6.v20230204-1729/jre/bin;C:\Program Files\Common Files\Oracle\Java\javapath;C:\app\P10388387\product\18.0.0\dbhomeXE\bin;C:\Oracle19c\bin;C:\Program Files (x86)\Common Files\Oracle\Java\javapath;C:\Program Files\Microsoft MPI\Bin\;C:\windows\system32;C:\windows;C:\windows\System32\Wbem;C:\windows\System32\WindowsPowerShell\v1.0\;C:\windows\System32\OpenSSH\;C:\Program Files (x86)\Microsoft SQL Server\160\DTS\Binn\;C:\Program Files\Azure Data Studio\bin;C:\Program Files (x86)\Microsoft SQL Server\160\Tools\Binn\;C:\Program Files\Microsoft SQL Server\160\Tools\Binn\;C:\Program Files\Microsoft SQL Server\Client SDK\ODBC\170\Tools\Binn\;C:\Program Files\Microsoft SQL Server\160\DTS\Binn\;C:\Program Files\Git\cmd;C:\Program Files (x86)\Microsoft SQL Server\140\Tools\Binn\;C:\Program Files\Microsoft SQL Server\140\Tools\Binn\;C:\Program Files (x86)\Microsoft SQL Server\140\DTS\Binn\;C:\Program Files\Microsoft SQL Server\140\DTS\Binn\;C:\Program Files\Microsoft SQL Server\Client SDK\ODBC\130\Tools\Binn\;C:\Program Files (x86)\Microsoft SQL Server\150\Tools\Binn\;C:\Program Files\Microsoft SQL Server\150\Tools\Binn\;C:\Program Files\Microsoft SQL Server\150\DTS\Binn\;C:\Users\p10388387\AppData\Local\Microsoft\WindowsApps;;C:\Program Files\Azure Data Studio\bin;C:\Users\p10388387\OneDrive - Capita\Desktop;
USERNAME=P10388387
OS=Windows_NT
PROCESSOR_IDENTIFIER=Intel64 Family 6 Model 141 Stepping 1, GenuineIntel
TMP=C:\Users\P10388~1\AppData\Local\Temp
TEMP=C:\Users\P10388~1\AppData\Local\Temp



---------------  S Y S T E M  ---------------

OS:
 Windows 10 , 64 bit Build 19041 (10.0.19041.3636)
OS uptime: 1 days 6:48 hours

CPU: total 16 (initial active 16) (8 cores per cpu, 2 threads per core) family 6 model 141 stepping 1 microcode 0x4e, cx8, cmov, fxsr, ht, mmx, 3dnowpref, sse, sse2, sse3, ssse3, sse4.1, sse4.2, popcnt, lzcnt, tsc, tscinvbit, avx, avx2, aes, erms, clmul, bmi1, bmi2, adx, avx512f, avx512dq, avx512cd, avx512bw, avx512vl, sha, fma, vzeroupper, avx512_vpopcntdq, avx512_vpclmulqdq, avx512_vaes, avx512_vnni, clflush, clflushopt, clwb, avx512_vbmi2, avx512_vbmi

Memory: 4k page, system-wide physical 32494M (19402M free)
TotalPageFile size 37358M (AvailPageFile size 17771M)
current process WorkingSet (physical memory assigned to process): 147M, peak: 147M
current process commit charge ("private bytes"): 657M, peak: 657M

vm_info: OpenJDK 64-Bit Server VM (17.0.6+10) for windows-amd64 JRE (17.0.6+10), built on Jan 18 2023 10:08:59 by "temurin" with MS VC++ 16.7 (VS2019)

END.
